-------------------------------------------------------------------------------
Test set: com.ecommerce.blackbox.pub.PubBasicFlowTest
-------------------------------------------------------------------------------
Tests run: 16, Failures: 2, Errors: 0, Skipped: 0, Time elapsed: 10.23 s <<< FAILURE! -- in com.ecommerce.blackbox.pub.PubBasicFlowTest
com.ecommerce.blackbox.pub.PubBasicFlowTest.pub015_salesStatistics -- Time elapsed: 0.268 s <<< FAILURE!
org.opentest4j.AssertionFailedError: totalAmount should be at least the order payable amount ==> expected: <true> but was: <false>
	at org.junit.jupiter.api.AssertionFailureBuilder.build(AssertionFailureBuilder.java:151)
	at org.junit.jupiter.api.AssertionFailureBuilder.buildAndThrow(AssertionFailureBuilder.java:132)
	at org.junit.jupiter.api.AssertTrue.failNotTrue(AssertTrue.java:63)
	at org.junit.jupiter.api.AssertTrue.assertTrue(AssertTrue.java:36)
	at org.junit.jupiter.api.Assertions.assertTrue(Assertions.java:214)
	at com.ecommerce.blackbox.pub.PubBasicFlowTest.pub015_salesStatistics(PubBasicFlowTest.java:759)
	at java.base/java.lang.reflect.Method.invoke(Method.java:580)
	at java.base/java.util.ArrayList.forEach(ArrayList.java:1596)
	at java.base/java.util.ArrayList.forEach(ArrayList.java:1596)

com.ecommerce.blackbox.pub.PubBasicFlowTest.pub001_registerActivateLogin -- Time elapsed: 0.117 s <<< FAILURE!
org.opentest4j.AssertionFailedError: expected: <PENDING_ACTIVATION> but was: <ACTIVE>
	at org.junit.jupiter.api.AssertionFailureBuilder.build(AssertionFailureBuilder.java:151)
	at org.junit.jupiter.api.AssertionFailureBuilder.buildAndThrow(AssertionFailureBuilder.java:132)
	at org.junit.jupiter.api.AssertEquals.failNotEqual(AssertEquals.java:197)
	at org.junit.jupiter.api.AssertEquals.assertEquals(AssertEquals.java:182)
	at org.junit.jupiter.api.AssertEquals.assertEquals(AssertEquals.java:177)
	at org.junit.jupiter.api.Assertions.assertEquals(Assertions.java:1145)
	at com.ecommerce.blackbox.pub.PubBasicFlowTest.pub001_registerActivateLogin(PubBasicFlowTest.java:59)
	at java.base/java.lang.reflect.Method.invoke(Method.java:580)
	at java.base/java.util.ArrayList.forEach(ArrayList.java:1596)
	at java.base/java.util.ArrayList.forEach(ArrayList.java:1596)

