<?xml version="1.0" encoding="UTF-8"?>
<testsuite xmlns:xsi="http://www.w3.org/2001/XMLSchema-instance" xsi:noNamespaceSchemaLocation="https://maven.apache.org/surefire/maven-surefire-plugin/xsd/surefire-test-report.xsd" version="3.0.2" name="com.ecommerce.blackbox.pub.PubBasicFlowTest" time="10.233" tests="16" errors="0" skipped="0" failures="2">
  <properties>
[...]
</properties>
  <testcase name="pub011_queryLogistics" classname="Basic Flow Tests" time="0.265">
    <system-out><![CDATA[
  .   ____          _            __ _ _
 /\\ / ___'_ __ _ _(_)_ __  __ _ \ \ \ \
( ( )\___ | '_ | '_| | '_ \/ _` | \ \ \ \
 \\/  ___)| |_)| | | | | || (_| |  ) ) ) )
  '  |____| .__|_| |_|_| |_\__, | / / / /
 =========|_|==============|___/=/_/_/_/
 :: Spring Boot ::                (v3.2.6)

2026-06-09T10:50:45.174+08:00  INFO 186764 --- [           main] c.e.blackbox.pub.PubBasicFlowTest        : Starting PubBasicFlowTest using Java 21.0.11 with PID 186764 (started by oyealex in /home/oyealex/project/match3/public/test-cases)
2026-06-09T10:50:45.174+08:00  INFO 186764 --- [           main] c.e.blackbox.pub.PubBasicFlowTest        : The following 1 profile is active: "test"
2026-06-09T10:50:45.224+08:00  INFO 186764 --- [           main] .s.d.r.c.RepositoryConfigurationDelegate : Bootstrapping Spring Data JPA repositories in DEFAULT mode.
2026-06-09T10:50:45.236+08:00  INFO 186764 --- [           main] .s.d.r.c.RepositoryConfigurationDelegate : Finished Spring Data repository scanning in 12 ms. Found 43 JPA repository interfaces.
2026-06-09T10:50:45.274+08:00  INFO 186764 --- [           main] o.s.b.w.embedded.tomcat.TomcatWebServer  : Tomcat initialized with port 0 (http)
2026-06-09T10:50:45.274+08:00  INFO 186764 --- [           main] o.apache.catalina.core.StandardService   : Starting service [Tomcat]
2026-06-09T10:50:45.274+08:00  INFO 186764 --- [           main] o.apache.catalina.core.StandardEngine    : Starting Servlet engine: [Apache Tomcat/10.1.24]
2026-06-09T10:50:45.278+08:00  INFO 186764 --- [           main] o.a.c.c.C.[Tomcat].[localhost].[/]       : Initializing Spring embedded WebApplicationContext
2026-06-09T10:50:45.278+08:00  INFO 186764 --- [           main] w.s.c.ServletWebServerApplicationContext : Root WebApplicationContext: initialization completed in 104 ms
2026-06-09T10:50:45.296+08:00  INFO 186764 --- [           main] o.hibernate.jpa.internal.util.LogHelper  : HHH000204: Processing PersistenceUnitInfo [name: default]
2026-06-09T10:50:45.296+08:00  INFO 186764 --- [           main] o.h.c.internal.RegionFactoryInitiator    : HHH000026: Second-level cache disabled
2026-06-09T10:50:45.298+08:00  INFO 186764 --- [           main] o.s.o.j.p.SpringPersistenceUnitInfo      : No LoadTimeWeaver setup: ignoring JPA class transformer
2026-06-09T10:50:45.298+08:00  INFO 186764 --- [           main] com.zaxxer.hikari.HikariDataSource       : HikariPool-10 - Starting...
2026-06-09T10:50:45.299+08:00  INFO 186764 --- [           main] com.zaxxer.hikari.pool.HikariPool        : HikariPool-10 - Added connection conn90: url=jdbc:h2:mem:shophub-f945c881-ad48-4322-a077-a130ed5b1abe user=SA
2026-06-09T10:50:45.299+08:00  INFO 186764 --- [           main] com.zaxxer.hikari.HikariDataSource       : HikariPool-10 - Start completed.
2026-06-09T10:50:45.382+08:00  INFO 186764 --- [           main] o.h.e.t.j.p.i.JtaPlatformInitiator       : HHH000489: No JTA platform available (set 'hibernate.transaction.jta.platform' to enable JTA platform integration)
2026-06-09T10:50:45.389+08:00  INFO 186764 --- [           main] j.LocalContainerEntityManagerFactoryBean : Initialized JPA EntityManagerFactory for persistence unit 'default'
2026-06-09T10:50:45.455+08:00  INFO 186764 --- [           main] c.ecommerce.cart.config.CartCacheConfig  : Initializing cart cache with TTL=PT168H, maxSize=10000
2026-06-09T10:50:45.477+08:00  INFO 186764 --- [           main] c.e.order.service.OrderNumberGenerator   : OrderNumberGenerator initialized with date=20260609
2026-06-09T10:50:45.522+08:00  WARN 186764 --- [           main] .s.s.UserDetailsServiceAutoConfiguration : 

Using generated security password: be707824-4c38-433d-b457-917a1f63e584

This generated password is for development use only. Your security configuration must be updated before running your application in production.

2026-06-09T10:50:45.538+08:00  INFO 186764 --- [           main] o.s.s.web.DefaultSecurityFilterChain     : Will secure any request with [org.springframework.security.web.session.DisableEncodeUrlFilter@5dd0b1d1, org.springframework.security.web.context.request.async.WebAsyncManagerIntegrationFilter@781a0398, org.springframework.security.web.context.SecurityContextHolderFilter@2541221a, org.springframework.security.web.header.HeaderWriterFilter@a5c26a, org.springframework.web.filter.CorsFilter@7612c5bc, org.springframework.security.web.authentication.logout.LogoutFilter@561e6e35, com.ecommerce.user.security.JwtAuthFilter@57ad5ed7, org.springframework.security.web.savedrequest.RequestCacheAwareFilter@db32806, org.springframework.security.web.servletapi.SecurityContextHolderAwareRequestFilter@23ab0d48, org.springframework.security.web.authentication.AnonymousAuthenticationFilter@fab33ca, org.springframework.security.web.session.SessionManagementFilter@4e42ea66, org.springframework.security.web.access.ExceptionTranslationFilter@467dc4f0, org.springframework.security.web.access.intercept.AuthorizationFilter@39431ba2]
2026-06-09T10:50:45.539+08:00  INFO 186764 --- [           main] o.s.s.web.DefaultSecurityFilterChain     : Will secure any request with [org.springframework.security.web.session.DisableEncodeUrlFilter@46efbf1, org.springframework.security.web.context.request.async.WebAsyncManagerIntegrationFilter@1f096cea, org.springframework.security.web.context.SecurityContextHolderFilter@174527ae, org.springframework.security.web.header.HeaderWriterFilter@2c29463e, org.springframework.web.filter.CorsFilter@4268284d, org.springframework.security.web.authentication.logout.LogoutFilter@36313ed, com.ecommerce.user.security.JwtAuthFilter@47bc9b90, org.springframework.security.web.savedrequest.RequestCacheAwareFilter@7835c438, org.springframework.security.web.servletapi.SecurityContextHolderAwareRequestFilter@1ecb75b6, org.springframework.security.web.authentication.AnonymousAuthenticationFilter@34fe51e5, org.springframework.security.web.session.SessionManagementFilter@788b78cf, org.springframework.security.web.access.ExceptionTranslationFilter@346b6e90, org.springframework.security.web.access.intercept.AuthorizationFilter@1002aa6a]
2026-06-09T10:50:45.567+08:00  INFO 186764 --- [           main] o.s.b.w.embedded.tomcat.TomcatWebServer  : Tomcat started on port 33359 (http) with context path ''
2026-06-09T10:50:45.568+08:00  INFO 186764 --- [           main] c.e.blackbox.pub.PubBasicFlowTest        : Started PubBasicFlowTest in 0.402 seconds (process running for 12.399)
2026-06-09T10:50:45.626+08:00  INFO 186764 --- [-auto-10-exec-1] o.a.c.c.C.[Tomcat].[localhost].[/]       : Initializing Spring DispatcherServlet 'dispatcherServlet'
2026-06-09T10:50:45.626+08:00  INFO 186764 --- [-auto-10-exec-1] o.s.web.servlet.DispatcherServlet        : Initializing Servlet 'dispatcherServlet'
2026-06-09T10:50:45.626+08:00  INFO 186764 --- [-auto-10-exec-1] o.s.web.servlet.DispatcherServlet        : Completed initialization in 0 ms
2026-06-09T10:50:45.679+08:00  INFO 186764 --- [-auto-10-exec-1] c.e.user.service.UserAuthService         : User logged in: id=1, email=admin@shophub.test
2026-06-09T10:50:45.732+08:00  INFO 186764 --- [-auto-10-exec-2] c.e.user.service.UserRegisterService     : User registered: id=2, email=user-e582d7c1@example.com, status=ACTIVE
2026-06-09T10:50:45.732+08:00  INFO 186764 --- [-auto-10-exec-2] c.e.c.n.LocalNotificationServiceImpl     : Sending notification: bizType=USER_REGISTER, bizId=2, channel=EMAIL, template=WELCOME
2026-06-09T10:50:45.732+08:00  INFO 186764 --- [-auto-10-exec-2] c.e.common.notification.MockMailSender   : MOCK EMAIL: to=user-e582d7c1@example.com, subject=[USER_REGISTER] Notification, body=[WELCOME] {nickname=Tester}
2026-06-09T10:50:45.732+08:00  INFO 186764 --- [-auto-10-exec-2] c.e.c.n.LocalNotificationServiceImpl     : Notification sent successfully: bizType=USER_REGISTER, bizId=2, channel=EMAIL
2026-06-09T10:50:45.783+08:00  INFO 186764 --- [-auto-10-exec-3] c.e.user.service.UserAuthService         : User logged in: id=2, email=user-e582d7c1@example.com
2026-06-09T10:50:45.790+08:00  INFO 186764 --- [-auto-10-exec-4] c.ecommerce.user.service.AddressService  : Address created: id=1, userId=2
2026-06-09T10:50:45.796+08:00  INFO 186764 --- [-auto-10-exec-5] c.e.p.controller.AdminProductController  : Admin creating SPU: spuCode=SPU-e582d7c1-8
2026-06-09T10:50:45.799+08:00  INFO 186764 --- [-auto-10-exec-5] c.ecommerce.product.service.SpuService   : Created SPU: id=1, spuCode=SPU-e582d7c1-8
2026-06-09T10:50:45.805+08:00  INFO 186764 --- [-auto-10-exec-6] c.e.p.controller.AdminProductController  : Admin creating SKU: skuCode=SKU-e582d7c1, spuId=1
2026-06-09T10:50:45.809+08:00  INFO 186764 --- [-auto-10-exec-6] c.ecommerce.product.service.SkuService   : Created SKU: id=1, skuCode=SKU-e582d7c1, spuId=1
2026-06-09T10:50:45.814+08:00  INFO 186764 --- [-auto-10-exec-7] c.e.p.controller.AdminProductController  : Admin putting SKU on shelf: skuId=1
2026-06-09T10:50:45.815+08:00  INFO 186764 --- [-auto-10-exec-7] c.ecommerce.product.service.SkuService   : SKU on shelf: skuId=1, skuCode=SKU-e582d7c1
2026-06-09T10:50:45.823+08:00  INFO 186764 --- [-auto-10-exec-8] c.e.inventory.service.WarehouseService   : Warehouse created: id=1, name=WH-e582d7c1
2026-06-09T10:50:45.832+08:00  INFO 186764 --- [-auto-10-exec-9] c.e.inventory.service.InventoryService   : Inbound completed: warehouseId=1, skuId=1, qty=10
2026-06-09T10:50:45.840+08:00  INFO 186764 --- [auto-10-exec-10] c.e.order.controller.OrderController     : POST /api/v1/orders/create: userId=2, itemsCount=1
2026-06-09T10:50:45.840+08:00  INFO 186764 --- [auto-10-exec-10] c.ecommerce.order.service.OrderService   : Creating order for userId=2, itemsCount=1
2026-06-09T10:50:45.843+08:00  INFO 186764 --- [auto-10-exec-10] c.e.order.service.OrderTotalCalculator   : Calculated payable: itemTotal=100.00, shippingFee=8.00, packagingFee=1.00, discount=5.00, pointsDeduction=0, finalPayable=96.00
2026-06-09T10:50:45.857+08:00  INFO 186764 --- [auto-10-exec-10] c.e.i.s.InventoryReservationServiceImpl  : Stock reserved for orderId=1, itemsCount=1
2026-06-09T10:50:45.857+08:00  INFO 186764 --- [auto-10-exec-10] c.e.common.event.DomainEventPublisher    : Publishing domain event: eventId=527aa15e-8ee9-4502-8043-e2d8c9761971, type=OrderCreatedEvent, occurredAt=2026-06-09T10:50:45.857802188
2026-06-09T10:50:45.857+08:00  INFO 186764 --- [auto-10-exec-10] c.e.common.event.DomainEventPublisher    : Domain event published successfully: eventId=527aa15e-8ee9-4502-8043-e2d8c9761971
2026-06-09T10:50:45.857+08:00  INFO 186764 --- [auto-10-exec-10] c.ecommerce.order.service.OrderService   : Order created successfully: orderId=1, orderNo=SO202606095843, payableAmount=96.00
2026-06-09T10:50:45.858+08:00  INFO 186764 --- [auto-10-exec-10] c.e.order.listener.OrderEventListener    : [OrderEventListener] Order created: orderId=1, userId=2, amount=96.00, eventId=527aa15e-8ee9-4502-8043-e2d8c9761971
2026-06-09T10:50:45.864+08:00  INFO 186764 --- [-auto-10-exec-1] c.e.p.controller.PaymentController       : Payment initiated for orderId=1
2026-06-09T10:50:45.864+08:00  INFO 186764 --- [-auto-10-exec-1] c.e.payment.service.PaymentService       : Initiating payment for orderId=1, amount=96.0, method=ALIPAY
2026-06-09T10:50:45.865+08:00  INFO 186764 --- [-auto-10-exec-1] c.e.payment.service.PaymentValidator     : Payment validation passed for orderId=1, amount=96.0
2026-06-09T10:50:45.868+08:00  INFO 186764 --- [-auto-10-exec-1] c.e.payment.service.PaymentService       : Payment record created: paymentNo=PAY1780973445866D5A8B888, orderId=1
2026-06-09T10:50:45.872+08:00  INFO 186764 --- [-auto-10-exec-2] c.e.p.controller.PaymentController       : Payment callback received: paymentNo=PAY1780973445866D5A8B888, status=null
2026-06-09T10:50:45.873+08:00  INFO 186764 --- [-auto-10-exec-2] c.e.p.service.PaymentCallbackService     : Processing payment callback: paymentNo=PAY1780973445866D5A8B888, status=null, signature=null
2026-06-09T10:50:45.873+08:00  WARN 186764 --- [-auto-10-exec-2] c.e.p.service.PaymentCallbackService     : Unknown callback status: null
2026-06-09T10:50:45.875+08:00  INFO 186764 --- [-auto-10-exec-3] c.e.l.controller.LogisticsController     : GET /api/v1/logistics/order/1
2026-06-09T10:50:45.876+08:00  WARN 186764 --- [-auto-10-exec-3] c.e.c.exception.GlobalExceptionHandler   : Resource not found [eb2fef1d-1780973445876]: Shipment not found for order: 1
2026-06-09T10:50:45.881+08:00  INFO 186764 --- [           main] j.LocalContainerEntityManagerFactoryBean : Closing JPA EntityManagerFactory for persistence unit 'default'
2026-06-09T10:50:45.883+08:00  INFO 186764 --- [           main] com.zaxxer.hikari.HikariDataSource       : HikariPool-10 - Shutdown initiated...
2026-06-09T10:50:45.883+08:00  INFO 186764 --- [           main] com.zaxxer.hikari.HikariDataSource       : HikariPool-10 - Shutdown completed.
]]></system-out>
  </testcase>
  <testcase name="pub015_salesStatistics" classname="Basic Flow Tests" time="0.268">
    <failure message="totalAmount should be at least the order payable amount ==&gt; expected: &lt;true&gt; but was: &lt;false&gt;" type="org.opentest4j.AssertionFailedError"><![CDATA[org.opentest4j.AssertionFailedError: totalAmount should be at least the order payable amount ==> expected: <true> but was: <false>
	at org.junit.jupiter.api.AssertionFailureBuilder.build(AssertionFailureBuilder.java:151)
	at org.junit.jupiter.api.AssertionFailureBuilder.buildAndThrow(AssertionFailureBuilder.java:132)
	at org.junit.jupiter.api.AssertTrue.failNotTrue(AssertTrue.java:63)
	at org.junit.jupiter.api.AssertTrue.assertTrue(AssertTrue.java:36)
	at org.junit.jupiter.api.Assertions.assertTrue(Assertions.java:214)
	at com.ecommerce.blackbox.pub.PubBasicFlowTest.pub015_salesStatistics(PubBasicFlowTest.java:759)
	at java.base/java.lang.reflect.Method.invoke(Method.java:580)
	at java.base/java.util.ArrayList.forEach(ArrayList.java:1596)
	at java.base/java.util.ArrayList.forEach(ArrayList.java:1596)
]]></failure>
    <system-out><![CDATA[
  .   ____          _            __ _ _
 /\\ / ___'_ __ _ _(_)_ __  __ _ \ \ \ \
( ( )\___ | '_ | '_| | '_ \/ _` | \ \ \ \
 \\/  ___)| |_)| | | | | || (_| |  ) ) ) )
  '  |____| .__|_| |_|_| |_\__, | / / / /
 =========|_|==============|___/=/_/_/_/
 :: Spring Boot ::                (v3.2.6)

2026-06-09T10:50:45.892+08:00  INFO 186764 --- [           main] c.e.blackbox.pub.PubBasicFlowTest        : Starting PubBasicFlowTest using Java 21.0.11 with PID 186764 (started by oyealex in /home/oyealex/project/match3/public/test-cases)
2026-06-09T10:50:45.892+08:00  INFO 186764 --- [           main] c.e.blackbox.pub.PubBasicFlowTest        : The following 1 profile is active: "test"
2026-06-09T10:50:45.936+08:00  INFO 186764 --- [           main] .s.d.r.c.RepositoryConfigurationDelegate : Bootstrapping Spring Data JPA repositories in DEFAULT mode.
2026-06-09T10:50:45.943+08:00  INFO 186764 --- [           main] .s.d.r.c.RepositoryConfigurationDelegate : Finished Spring Data repository scanning in 7 ms. Found 43 JPA repository interfaces.
2026-06-09T10:50:45.980+08:00  INFO 186764 --- [           main] o.s.b.w.embedded.tomcat.TomcatWebServer  : Tomcat initialized with port 0 (http)
2026-06-09T10:50:45.981+08:00  INFO 186764 --- [           main] o.apache.catalina.core.StandardService   : Starting service [Tomcat]
2026-06-09T10:50:45.981+08:00  INFO 186764 --- [           main] o.apache.catalina.core.StandardEngine    : Starting Servlet engine: [Apache Tomcat/10.1.24]
2026-06-09T10:50:45.984+08:00  INFO 186764 --- [           main] o.a.c.c.C.[Tomcat].[localhost].[/]       : Initializing Spring embedded WebApplicationContext
2026-06-09T10:50:45.984+08:00  INFO 186764 --- [           main] w.s.c.ServletWebServerApplicationContext : Root WebApplicationContext: initialization completed in 91 ms
2026-06-09T10:50:46.000+08:00  INFO 186764 --- [           main] o.hibernate.jpa.internal.util.LogHelper  : HHH000204: Processing PersistenceUnitInfo [name: default]
2026-06-09T10:50:46.001+08:00  INFO 186764 --- [           main] o.h.c.internal.RegionFactoryInitiator    : HHH000026: Second-level cache disabled
2026-06-09T10:50:46.002+08:00  INFO 186764 --- [           main] o.s.o.j.p.SpringPersistenceUnitInfo      : No LoadTimeWeaver setup: ignoring JPA class transformer
2026-06-09T10:50:46.002+08:00  INFO 186764 --- [           main] com.zaxxer.hikari.HikariDataSource       : HikariPool-11 - Starting...
2026-06-09T10:50:46.003+08:00  INFO 186764 --- [           main] com.zaxxer.hikari.pool.HikariPool        : HikariPool-11 - Added connection conn100: url=jdbc:h2:mem:shophub-8506cce9-2e3a-411f-8a72-1b61104d963d user=SA
2026-06-09T10:50:46.003+08:00  INFO 186764 --- [           main] com.zaxxer.hikari.HikariDataSource       : HikariPool-11 - Start completed.
2026-06-09T10:50:46.088+08:00  INFO 186764 --- [           main] o.h.e.t.j.p.i.JtaPlatformInitiator       : HHH000489: No JTA platform available (set 'hibernate.transaction.jta.platform' to enable JTA platform integration)
2026-06-09T10:50:46.094+08:00  INFO 186764 --- [           main] j.LocalContainerEntityManagerFactoryBean : Initialized JPA EntityManagerFactory for persistence unit 'default'
2026-06-09T10:50:46.149+08:00  INFO 186764 --- [           main] c.ecommerce.cart.config.CartCacheConfig  : Initializing cart cache with TTL=PT168H, maxSize=10000
2026-06-09T10:50:46.175+08:00  INFO 186764 --- [           main] c.e.order.service.OrderNumberGenerator   : OrderNumberGenerator initialized with date=20260609
2026-06-09T10:50:46.230+08:00  WARN 186764 --- [           main] .s.s.UserDetailsServiceAutoConfiguration : 

Using generated security password: 15a52061-8807-4f9f-befa-db843d62124c

This generated password is for development use only. Your security configuration must be updated before running your application in production.

2026-06-09T10:50:46.246+08:00  INFO 186764 --- [           main] o.s.s.web.DefaultSecurityFilterChain     : Will secure any request with [org.springframework.security.web.session.DisableEncodeUrlFilter@7d486d02, org.springframework.security.web.context.request.async.WebAsyncManagerIntegrationFilter@40b0827b, org.springframework.security.web.context.SecurityContextHolderFilter@7634ac94, org.springframework.security.web.header.HeaderWriterFilter@3fb737bc, org.springframework.web.filter.CorsFilter@5b8cfe38, org.springframework.security.web.authentication.logout.LogoutFilter@69aa8df5, com.ecommerce.user.security.JwtAuthFilter@7192f363, org.springframework.security.web.savedrequest.RequestCacheAwareFilter@9849719, org.springframework.security.web.servletapi.SecurityContextHolderAwareRequestFilter@f884b42, org.springframework.security.web.authentication.AnonymousAuthenticationFilter@4f8cb02e, org.springframework.security.web.session.SessionManagementFilter@11949003, org.springframework.security.web.access.ExceptionTranslationFilter@c5e6221, org.springframework.security.web.access.intercept.AuthorizationFilter@9246208]
2026-06-09T10:50:46.247+08:00  INFO 186764 --- [           main] o.s.s.web.DefaultSecurityFilterChain     : Will secure any request with [org.springframework.security.web.session.DisableEncodeUrlFilter@25bdbb37, org.springframework.security.web.context.request.async.WebAsyncManagerIntegrationFilter@67c094e, org.springframework.security.web.context.SecurityContextHolderFilter@c9144a7, org.springframework.security.web.header.HeaderWriterFilter@330abe16, org.springframework.web.filter.CorsFilter@20509b1a, org.springframework.security.web.authentication.logout.LogoutFilter@17c6849a, com.ecommerce.user.security.JwtAuthFilter@7a46a35f, org.springframework.security.web.savedrequest.RequestCacheAwareFilter@72767fee, org.springframework.security.web.servletapi.SecurityContextHolderAwareRequestFilter@14ea85b8, org.springframework.security.web.authentication.AnonymousAuthenticationFilter@32eacb23, org.springframework.security.web.session.SessionManagementFilter@590b9218, org.springframework.security.web.access.ExceptionTranslationFilter@4d8673e8, org.springframework.security.web.access.intercept.AuthorizationFilter@160998af]
2026-06-09T10:50:46.275+08:00  INFO 186764 --- [           main] o.s.b.w.embedded.tomcat.TomcatWebServer  : Tomcat started on port 45175 (http) with context path ''
2026-06-09T10:50:46.276+08:00  INFO 186764 --- [           main] c.e.blackbox.pub.PubBasicFlowTest        : Started PubBasicFlowTest in 0.39 seconds (process running for 13.107)
2026-06-09T10:50:46.333+08:00  INFO 186764 --- [-auto-11-exec-1] o.a.c.c.C.[Tomcat].[localhost].[/]       : Initializing Spring DispatcherServlet 'dispatcherServlet'
2026-06-09T10:50:46.333+08:00  INFO 186764 --- [-auto-11-exec-1] o.s.web.servlet.DispatcherServlet        : Initializing Servlet 'dispatcherServlet'
2026-06-09T10:50:46.334+08:00  INFO 186764 --- [-auto-11-exec-1] o.s.web.servlet.DispatcherServlet        : Completed initialization in 1 ms
2026-06-09T10:50:46.386+08:00  INFO 186764 --- [-auto-11-exec-1] c.e.user.service.UserAuthService         : User logged in: id=1, email=admin@shophub.test
2026-06-09T10:50:46.440+08:00  INFO 186764 --- [-auto-11-exec-2] c.e.user.service.UserRegisterService     : User registered: id=2, email=user-4a806ef2@example.com, status=ACTIVE
2026-06-09T10:50:46.440+08:00  INFO 186764 --- [-auto-11-exec-2] c.e.c.n.LocalNotificationServiceImpl     : Sending notification: bizType=USER_REGISTER, bizId=2, channel=EMAIL, template=WELCOME
2026-06-09T10:50:46.440+08:00  INFO 186764 --- [-auto-11-exec-2] c.e.common.notification.MockMailSender   : MOCK EMAIL: to=user-4a806ef2@example.com, subject=[USER_REGISTER] Notification, body=[WELCOME] {nickname=Tester}
2026-06-09T10:50:46.440+08:00  INFO 186764 --- [-auto-11-exec-2] c.e.c.n.LocalNotificationServiceImpl     : Notification sent successfully: bizType=USER_REGISTER, bizId=2, channel=EMAIL
2026-06-09T10:50:46.492+08:00  INFO 186764 --- [-auto-11-exec-3] c.e.user.service.UserAuthService         : User logged in: id=2, email=user-4a806ef2@example.com
2026-06-09T10:50:46.499+08:00  INFO 186764 --- [-auto-11-exec-4] c.ecommerce.user.service.AddressService  : Address created: id=1, userId=2
2026-06-09T10:50:46.504+08:00  INFO 186764 --- [-auto-11-exec-5] c.e.p.controller.AdminProductController  : Admin creating SPU: spuCode=SPU-4a806ef2-9
2026-06-09T10:50:46.507+08:00  INFO 186764 --- [-auto-11-exec-5] c.ecommerce.product.service.SpuService   : Created SPU: id=1, spuCode=SPU-4a806ef2-9
2026-06-09T10:50:46.513+08:00  INFO 186764 --- [-auto-11-exec-6] c.e.p.controller.AdminProductController  : Admin creating SKU: skuCode=SKU-4a806ef2, spuId=1
2026-06-09T10:50:46.517+08:00  INFO 186764 --- [-auto-11-exec-6] c.ecommerce.product.service.SkuService   : Created SKU: id=1, skuCode=SKU-4a806ef2, spuId=1
2026-06-09T10:50:46.522+08:00  INFO 186764 --- [-auto-11-exec-7] c.e.p.controller.AdminProductController  : Admin putting SKU on shelf: skuId=1
2026-06-09T10:50:46.523+08:00  INFO 186764 --- [-auto-11-exec-7] c.ecommerce.product.service.SkuService   : SKU on shelf: skuId=1, skuCode=SKU-4a806ef2
2026-06-09T10:50:46.532+08:00  INFO 186764 --- [-auto-11-exec-8] c.e.inventory.service.WarehouseService   : Warehouse created: id=1, name=WH-4a806ef2
2026-06-09T10:50:46.542+08:00  INFO 186764 --- [-auto-11-exec-9] c.e.inventory.service.InventoryService   : Inbound completed: warehouseId=1, skuId=1, qty=10
2026-06-09T10:50:46.550+08:00  INFO 186764 --- [auto-11-exec-10] c.e.order.controller.OrderController     : POST /api/v1/orders/create: userId=2, itemsCount=1
2026-06-09T10:50:46.551+08:00  INFO 186764 --- [auto-11-exec-10] c.ecommerce.order.service.OrderService   : Creating order for userId=2, itemsCount=1
2026-06-09T10:50:46.553+08:00  INFO 186764 --- [auto-11-exec-10] c.e.order.service.OrderTotalCalculator   : Calculated payable: itemTotal=100.00, shippingFee=8.00, packagingFee=1.00, discount=5.00, pointsDeduction=0, finalPayable=96.00
2026-06-09T10:50:46.561+08:00  INFO 186764 --- [auto-11-exec-10] c.e.i.s.InventoryReservationServiceImpl  : Stock reserved for orderId=1, itemsCount=1
2026-06-09T10:50:46.561+08:00  INFO 186764 --- [auto-11-exec-10] c.e.common.event.DomainEventPublisher    : Publishing domain event: eventId=40433545-e900-4f00-9e94-7beecd740c53, type=OrderCreatedEvent, occurredAt=2026-06-09T10:50:46.561189411
2026-06-09T10:50:46.561+08:00  INFO 186764 --- [auto-11-exec-10] c.e.common.event.DomainEventPublisher    : Domain event published successfully: eventId=40433545-e900-4f00-9e94-7beecd740c53
2026-06-09T10:50:46.561+08:00  INFO 186764 --- [auto-11-exec-10] c.ecommerce.order.service.OrderService   : Order created successfully: orderId=1, orderNo=SO202606096553, payableAmount=96.00
2026-06-09T10:50:46.561+08:00  INFO 186764 --- [auto-11-exec-10] c.e.order.listener.OrderEventListener    : [OrderEventListener] Order created: orderId=1, userId=2, amount=96.00, eventId=40433545-e900-4f00-9e94-7beecd740c53
2026-06-09T10:50:46.566+08:00  INFO 186764 --- [-auto-11-exec-1] c.e.p.controller.PaymentController       : Payment initiated for orderId=1
2026-06-09T10:50:46.566+08:00  INFO 186764 --- [-auto-11-exec-1] c.e.payment.service.PaymentService       : Initiating payment for orderId=1, amount=96.0, method=ALIPAY
2026-06-09T10:50:46.567+08:00  INFO 186764 --- [-auto-11-exec-1] c.e.payment.service.PaymentValidator     : Payment validation passed for orderId=1, amount=96.0
2026-06-09T10:50:46.570+08:00  INFO 186764 --- [-auto-11-exec-1] c.e.payment.service.PaymentService       : Payment record created: paymentNo=PAY17809734465684D386DBA, orderId=1
2026-06-09T10:50:46.574+08:00  INFO 186764 --- [-auto-11-exec-2] c.e.p.controller.PaymentController       : Payment callback received: paymentNo=PAY17809734465684D386DBA, status=null
2026-06-09T10:50:46.574+08:00  INFO 186764 --- [-auto-11-exec-2] c.e.p.service.PaymentCallbackService     : Processing payment callback: paymentNo=PAY17809734465684D386DBA, status=null, signature=null
2026-06-09T10:50:46.574+08:00  WARN 186764 --- [-auto-11-exec-2] c.e.p.service.PaymentCallbackService     : Unknown callback status: null
2026-06-09T10:50:46.582+08:00  INFO 186764 --- [-auto-11-exec-3] c.e.o.controller.AdminOrderController    : GET /api/v1/admin/orders/statistics/sales: startDate=2026-06-09, endDate=2026-06-09
2026-06-09T10:50:46.582+08:00  INFO 186764 --- [-auto-11-exec-3] c.e.o.service.SalesStatisticsService     : Querying sales statistics from 2026-06-09T00:00 to 2026-06-09T23:59:59.999999999
2026-06-09T10:50:46.583+08:00  INFO 186764 --- [-auto-11-exec-3] c.e.o.service.SalesStatisticsService     : Sales statistics: 0 orders, total 0 , discount 0
2026-06-09T10:50:46.593+08:00  INFO 186764 --- [           main] j.LocalContainerEntityManagerFactoryBean : Closing JPA EntityManagerFactory for persistence unit 'default'
2026-06-09T10:50:46.594+08:00  INFO 186764 --- [           main] com.zaxxer.hikari.HikariDataSource       : HikariPool-11 - Shutdown initiated...
2026-06-09T10:50:46.595+08:00  INFO 186764 --- [           main] com.zaxxer.hikari.HikariDataSource       : HikariPool-11 - Shutdown completed.
]]></system-out>
  </testcase>
  <testcase name="pub001_registerActivateLogin" classname="Basic Flow Tests" time="0.117">
    <failure message="expected: &lt;PENDING_ACTIVATION&gt; but was: &lt;ACTIVE&gt;" type="org.opentest4j.AssertionFailedError"><![CDATA[org.opentest4j.AssertionFailedError: expected: <PENDING_ACTIVATION> but was: <ACTIVE>
	at org.junit.jupiter.api.AssertionFailureBuilder.build(AssertionFailureBuilder.java:151)
	at org.junit.jupiter.api.AssertionFailureBuilder.buildAndThrow(AssertionFailureBuilder.java:132)
	at org.junit.jupiter.api.AssertEquals.failNotEqual(AssertEquals.java:197)
	at org.junit.jupiter.api.AssertEquals.assertEquals(AssertEquals.java:182)
	at org.junit.jupiter.api.AssertEquals.assertEquals(AssertEquals.java:177)
	at org.junit.jupiter.api.Assertions.assertEquals(Assertions.java:1145)
	at com.ecommerce.blackbox.pub.PubBasicFlowTest.pub001_registerActivateLogin(PubBasicFlowTest.java:59)
	at java.base/java.lang.reflect.Method.invoke(Method.java:580)
	at java.base/java.util.ArrayList.forEach(ArrayList.java:1596)
	at java.base/java.util.ArrayList.forEach(ArrayList.java:1596)
]]></failure>
    <system-out><![CDATA[
  .   ____          _            __ _ _
 /\\ / ___'_ __ _ _(_)_ __  __ _ \ \ \ \
( ( )\___ | '_ | '_| | '_ \/ _` | \ \ \ \
 \\/  ___)| |_)| | | | | || (_| |  ) ) ) )
  '  |____| .__|_| |_|_| |_\__, | / / / /
 =========|_|==============|___/=/_/_/_/
 :: Spring Boot ::                (v3.2.6)

2026-06-09T10:50:46.604+08:00  INFO 186764 --- [           main] c.e.blackbox.pub.PubBasicFlowTest        : Starting PubBasicFlowTest using Java 21.0.11 with PID 186764 (started by oyealex in /home/oyealex/project/match3/public/test-cases)
2026-06-09T10:50:46.604+08:00  INFO 186764 --- [           main] c.e.blackbox.pub.PubBasicFlowTest        : The following 1 profile is active: "test"
2026-06-09T10:50:46.647+08:00  INFO 186764 --- [           main] .s.d.r.c.RepositoryConfigurationDelegate : Bootstrapping Spring Data JPA repositories in DEFAULT mode.
2026-06-09T10:50:46.655+08:00  INFO 186764 --- [           main] .s.d.r.c.RepositoryConfigurationDelegate : Finished Spring Data repository scanning in 7 ms. Found 43 JPA repository interfaces.
2026-06-09T10:50:46.698+08:00  INFO 186764 --- [           main] o.s.b.w.embedded.tomcat.TomcatWebServer  : Tomcat initialized with port 0 (http)
2026-06-09T10:50:46.699+08:00  INFO 186764 --- [           main] o.apache.catalina.core.StandardService   : Starting service [Tomcat]
2026-06-09T10:50:46.699+08:00  INFO 186764 --- [           main] o.apache.catalina.core.StandardEngine    : Starting Servlet engine: [Apache Tomcat/10.1.24]
2026-06-09T10:50:46.716+08:00  INFO 186764 --- [           main] o.a.c.c.C.[Tomcat].[localhost].[/]       : Initializing Spring embedded WebApplicationContext
2026-06-09T10:50:46.717+08:00  INFO 186764 --- [           main] w.s.c.ServletWebServerApplicationContext : Root WebApplicationContext: initialization completed in 112 ms
2026-06-09T10:50:46.734+08:00  INFO 186764 --- [           main] o.hibernate.jpa.internal.util.LogHelper  : HHH000204: Processing PersistenceUnitInfo [name: default]
2026-06-09T10:50:46.735+08:00  INFO 186764 --- [           main] o.h.c.internal.RegionFactoryInitiator    : HHH000026: Second-level cache disabled
2026-06-09T10:50:46.737+08:00  INFO 186764 --- [           main] o.s.o.j.p.SpringPersistenceUnitInfo      : No LoadTimeWeaver setup: ignoring JPA class transformer
2026-06-09T10:50:46.737+08:00  INFO 186764 --- [           main] com.zaxxer.hikari.HikariDataSource       : HikariPool-12 - Starting...
2026-06-09T10:50:46.738+08:00  INFO 186764 --- [           main] com.zaxxer.hikari.pool.HikariPool        : HikariPool-12 - Added connection conn110: url=jdbc:h2:mem:shophub-7d1f3419-0543-43b9-95c5-387cd7073cdf user=SA
2026-06-09T10:50:46.738+08:00  INFO 186764 --- [           main] com.zaxxer.hikari.HikariDataSource       : HikariPool-12 - Start completed.
2026-06-09T10:50:46.837+08:00  INFO 186764 --- [           main] o.h.e.t.j.p.i.JtaPlatformInitiator       : HHH000489: No JTA platform available (set 'hibernate.transaction.jta.platform' to enable JTA platform integration)
2026-06-09T10:50:46.843+08:00  INFO 186764 --- [           main] j.LocalContainerEntityManagerFactoryBean : Initialized JPA EntityManagerFactory for persistence unit 'default'
2026-06-09T10:50:46.904+08:00  INFO 186764 --- [           main] c.ecommerce.cart.config.CartCacheConfig  : Initializing cart cache with TTL=PT168H, maxSize=10000
2026-06-09T10:50:46.930+08:00  INFO 186764 --- [           main] c.e.order.service.OrderNumberGenerator   : OrderNumberGenerator initialized with date=20260609
2026-06-09T10:50:46.976+08:00  WARN 186764 --- [           main] .s.s.UserDetailsServiceAutoConfiguration : 

Using generated security password: ecf2f2e4-8a1a-46a3-963d-74cf943047c6

This generated password is for development use only. Your security configuration must be updated before running your application in production.

2026-06-09T10:50:46.994+08:00  INFO 186764 --- [           main] o.s.s.web.DefaultSecurityFilterChain     : Will secure any request with [org.springframework.security.web.session.DisableEncodeUrlFilter@37212b39, org.springframework.security.web.context.request.async.WebAsyncManagerIntegrationFilter@4ecbaa8b, org.springframework.security.web.context.SecurityContextHolderFilter@3546c488, org.springframework.security.web.header.HeaderWriterFilter@f543bb1, org.springframework.web.filter.CorsFilter@7cf3858f, org.springframework.security.web.authentication.logout.LogoutFilter@553584c2, com.ecommerce.user.security.JwtAuthFilter@3d8b243b, org.springframework.security.web.savedrequest.RequestCacheAwareFilter@15b364a9, org.springframework.security.web.servletapi.SecurityContextHolderAwareRequestFilter@3b944c1d, org.springframework.security.web.authentication.AnonymousAuthenticationFilter@3cdb850, org.springframework.security.web.session.SessionManagementFilter@389aa6e5, org.springframework.security.web.access.ExceptionTranslationFilter@514e237a, org.springframework.security.web.access.intercept.AuthorizationFilter@42c06f2d]
2026-06-09T10:50:46.995+08:00  INFO 186764 --- [           main] o.s.s.web.DefaultSecurityFilterChain     : Will secure any request with [org.springframework.security.web.session.DisableEncodeUrlFilter@317afccf, org.springframework.security.web.context.request.async.WebAsyncManagerIntegrationFilter@df5df85, org.springframework.security.web.context.SecurityContextHolderFilter@45720123, org.springframework.security.web.header.HeaderWriterFilter@72ba2979, org.springframework.web.filter.CorsFilter@734972a8, org.springframework.security.web.authentication.logout.LogoutFilter@18449ee3, com.ecommerce.user.security.JwtAuthFilter@57a41866, org.springframework.security.web.savedrequest.RequestCacheAwareFilter@fd4452, org.springframework.security.web.servletapi.SecurityContextHolderAwareRequestFilter@23af44d5, org.springframework.security.web.authentication.AnonymousAuthenticationFilter@315e0ad9, org.springframework.security.web.session.SessionManagementFilter@45d5eca, org.springframework.security.web.access.ExceptionTranslationFilter@6374c7d8, org.springframework.security.web.access.intercept.AuthorizationFilter@2b21fd0a]
2026-06-09T10:50:47.023+08:00  INFO 186764 --- [           main] o.s.b.w.embedded.tomcat.TomcatWebServer  : Tomcat started on port 37049 (http) with context path ''
2026-06-09T10:50:47.025+08:00  INFO 186764 --- [           main] c.e.blackbox.pub.PubBasicFlowTest        : Started PubBasicFlowTest in 0.427 seconds (process running for 13.855)
2026-06-09T10:50:47.082+08:00  INFO 186764 --- [-auto-12-exec-1] o.a.c.c.C.[Tomcat].[localhost].[/]       : Initializing Spring DispatcherServlet 'dispatcherServlet'
2026-06-09T10:50:47.082+08:00  INFO 186764 --- [-auto-12-exec-1] o.s.web.servlet.DispatcherServlet        : Initializing Servlet 'dispatcherServlet'
2026-06-09T10:50:47.082+08:00  INFO 186764 --- [-auto-12-exec-1] o.s.web.servlet.DispatcherServlet        : Completed initialization in 0 ms
2026-06-09T10:50:47.133+08:00  INFO 186764 --- [-auto-12-exec-1] c.e.user.service.UserAuthService         : User logged in: id=1, email=admin@shophub.test
2026-06-09T10:50:47.186+08:00  INFO 186764 --- [-auto-12-exec-2] c.e.user.service.UserRegisterService     : User registered: id=2, email=user-3695aad9@example.com, status=ACTIVE
2026-06-09T10:50:47.186+08:00  INFO 186764 --- [-auto-12-exec-2] c.e.c.n.LocalNotificationServiceImpl     : Sending notification: bizType=USER_REGISTER, bizId=2, channel=EMAIL, template=WELCOME
2026-06-09T10:50:47.186+08:00  INFO 186764 --- [-auto-12-exec-2] c.e.common.notification.MockMailSender   : MOCK EMAIL: to=user-3695aad9@example.com, subject=[USER_REGISTER] Notification, body=[WELCOME] {nickname=Tester}
2026-06-09T10:50:47.186+08:00  INFO 186764 --- [-auto-12-exec-2] c.e.c.n.LocalNotificationServiceImpl     : Notification sent successfully: bizType=USER_REGISTER, bizId=2, channel=EMAIL
2026-06-09T10:50:47.191+08:00  INFO 186764 --- [           main] j.LocalContainerEntityManagerFactoryBean : Closing JPA EntityManagerFactory for persistence unit 'default'
2026-06-09T10:50:47.192+08:00  INFO 186764 --- [           main] com.zaxxer.hikari.HikariDataSource       : HikariPool-12 - Shutdown initiated...
2026-06-09T10:50:47.193+08:00  INFO 186764 --- [           main] com.zaxxer.hikari.HikariDataSource       : HikariPool-12 - Shutdown completed.
]]></system-out>
  </testcase>
  <testcase name="pub010_paymentCallbackSuccess" classname="Basic Flow Tests" time="0.25">
    <system-out><![CDATA[
  .   ____          _            __ _ _
 /\\ / ___'_ __ _ _(_)_ __  __ _ \ \ \ \
( ( )\___ | '_ | '_| | '_ \/ _` | \ \ \ \
 \\/  ___)| |_)| | | | | || (_| |  ) ) ) )
  '  |____| .__|_| |_|_| |_\__, | / / / /
 =========|_|==============|___/=/_/_/_/
 :: Spring Boot ::                (v3.2.6)

2026-06-09T10:50:47.203+08:00  INFO 186764 --- [           main] c.e.blackbox.pub.PubBasicFlowTest        : Starting PubBasicFlowTest using Java 21.0.11 with PID 186764 (started by oyealex in /home/oyealex/project/match3/public/test-cases)
2026-06-09T10:50:47.203+08:00  INFO 186764 --- [           main] c.e.blackbox.pub.PubBasicFlowTest        : The following 1 profile is active: "test"
2026-06-09T10:50:47.249+08:00  INFO 186764 --- [           main] .s.d.r.c.RepositoryConfigurationDelegate : Bootstrapping Spring Data JPA repositories in DEFAULT mode.
2026-06-09T10:50:47.257+08:00  INFO 186764 --- [           main] .s.d.r.c.RepositoryConfigurationDelegate : Finished Spring Data repository scanning in 8 ms. Found 43 JPA repository interfaces.
2026-06-09T10:50:47.292+08:00  INFO 186764 --- [           main] o.s.b.w.embedded.tomcat.TomcatWebServer  : Tomcat initialized with port 0 (http)
2026-06-09T10:50:47.293+08:00  INFO 186764 --- [           main] o.apache.catalina.core.StandardService   : Starting service [Tomcat]
2026-06-09T10:50:47.293+08:00  INFO 186764 --- [           main] o.apache.catalina.core.StandardEngine    : Starting Servlet engine: [Apache Tomcat/10.1.24]
2026-06-09T10:50:47.296+08:00  INFO 186764 --- [           main] o.a.c.c.C.[Tomcat].[localhost].[/]       : Initializing Spring embedded WebApplicationContext
2026-06-09T10:50:47.296+08:00  INFO 186764 --- [           main] w.s.c.ServletWebServerApplicationContext : Root WebApplicationContext: initialization completed in 93 ms
2026-06-09T10:50:47.311+08:00  INFO 186764 --- [           main] o.hibernate.jpa.internal.util.LogHelper  : HHH000204: Processing PersistenceUnitInfo [name: default]
2026-06-09T10:50:47.312+08:00  INFO 186764 --- [           main] o.h.c.internal.RegionFactoryInitiator    : HHH000026: Second-level cache disabled
2026-06-09T10:50:47.314+08:00  INFO 186764 --- [           main] o.s.o.j.p.SpringPersistenceUnitInfo      : No LoadTimeWeaver setup: ignoring JPA class transformer
2026-06-09T10:50:47.314+08:00  INFO 186764 --- [           main] com.zaxxer.hikari.HikariDataSource       : HikariPool-13 - Starting...
2026-06-09T10:50:47.315+08:00  INFO 186764 --- [           main] com.zaxxer.hikari.pool.HikariPool        : HikariPool-13 - Added connection conn120: url=jdbc:h2:mem:shophub-a63e0ae2-0572-430b-92d4-c4990904b079 user=SA
2026-06-09T10:50:47.315+08:00  INFO 186764 --- [           main] com.zaxxer.hikari.HikariDataSource       : HikariPool-13 - Start completed.
2026-06-09T10:50:47.396+08:00  INFO 186764 --- [           main] o.h.e.t.j.p.i.JtaPlatformInitiator       : HHH000489: No JTA platform available (set 'hibernate.transaction.jta.platform' to enable JTA platform integration)
2026-06-09T10:50:47.406+08:00  INFO 186764 --- [           main] j.LocalContainerEntityManagerFactoryBean : Initialized JPA EntityManagerFactory for persistence unit 'default'
2026-06-09T10:50:47.476+08:00  INFO 186764 --- [           main] c.ecommerce.cart.config.CartCacheConfig  : Initializing cart cache with TTL=PT168H, maxSize=10000
2026-06-09T10:50:47.501+08:00  INFO 186764 --- [           main] c.e.order.service.OrderNumberGenerator   : OrderNumberGenerator initialized with date=20260609
2026-06-09T10:50:47.547+08:00  WARN 186764 --- [           main] .s.s.UserDetailsServiceAutoConfiguration : 

Using generated security password: 803c12e5-96f6-435f-ab1a-835fca6548e6

This generated password is for development use only. Your security configuration must be updated before running your application in production.

2026-06-09T10:50:47.565+08:00  INFO 186764 --- [           main] o.s.s.web.DefaultSecurityFilterChain     : Will secure any request with [org.springframework.security.web.session.DisableEncodeUrlFilter@72d98ea5, org.springframework.security.web.context.request.async.WebAsyncManagerIntegrationFilter@4f9d20de, org.springframework.security.web.context.SecurityContextHolderFilter@60ae0997, org.springframework.security.web.header.HeaderWriterFilter@72ba54d9, org.springframework.web.filter.CorsFilter@11a7f22d, org.springframework.security.web.authentication.logout.LogoutFilter@97681e9, com.ecommerce.user.security.JwtAuthFilter@35c07602, org.springframework.security.web.savedrequest.RequestCacheAwareFilter@615b99b9, org.springframework.security.web.servletapi.SecurityContextHolderAwareRequestFilter@416715d7, org.springframework.security.web.authentication.AnonymousAuthenticationFilter@b527ab9, org.springframework.security.web.session.SessionManagementFilter@7fc4ffe3, org.springframework.security.web.access.ExceptionTranslationFilter@3676f053, org.springframework.security.web.access.intercept.AuthorizationFilter@4ded35de]
2026-06-09T10:50:47.566+08:00  INFO 186764 --- [           main] o.s.s.web.DefaultSecurityFilterChain     : Will secure any request with [org.springframework.security.web.session.DisableEncodeUrlFilter@7465860c, org.springframework.security.web.context.request.async.WebAsyncManagerIntegrationFilter@51d38942, org.springframework.security.web.context.SecurityContextHolderFilter@46c2186a, org.springframework.security.web.header.HeaderWriterFilter@7f633fec, org.springframework.web.filter.CorsFilter@485fc24f, org.springframework.security.web.authentication.logout.LogoutFilter@d0502c0, com.ecommerce.user.security.JwtAuthFilter@27739760, org.springframework.security.web.savedrequest.RequestCacheAwareFilter@28c1c289, org.springframework.security.web.servletapi.SecurityContextHolderAwareRequestFilter@4ebb1422, org.springframework.security.web.authentication.AnonymousAuthenticationFilter@7ffe3064, org.springframework.security.web.session.SessionManagementFilter@27f6514c, org.springframework.security.web.access.ExceptionTranslationFilter@46151f04, org.springframework.security.web.access.intercept.AuthorizationFilter@3dfa572b]
2026-06-09T10:50:47.602+08:00  INFO 186764 --- [           main] o.s.b.w.embedded.tomcat.TomcatWebServer  : Tomcat started on port 41489 (http) with context path ''
2026-06-09T10:50:47.604+08:00  INFO 186764 --- [           main] c.e.blackbox.pub.PubBasicFlowTest        : Started PubBasicFlowTest in 0.407 seconds (process running for 14.434)
2026-06-09T10:50:47.663+08:00  INFO 186764 --- [-auto-13-exec-1] o.a.c.c.C.[Tomcat].[localhost].[/]       : Initializing Spring DispatcherServlet 'dispatcherServlet'
2026-06-09T10:50:47.663+08:00  INFO 186764 --- [-auto-13-exec-1] o.s.web.servlet.DispatcherServlet        : Initializing Servlet 'dispatcherServlet'
2026-06-09T10:50:47.663+08:00  INFO 186764 --- [-auto-13-exec-1] o.s.web.servlet.DispatcherServlet        : Completed initialization in 0 ms
2026-06-09T10:50:47.715+08:00  INFO 186764 --- [-auto-13-exec-1] c.e.user.service.UserAuthService         : User logged in: id=1, email=admin@shophub.test
2026-06-09T10:50:47.769+08:00  INFO 186764 --- [-auto-13-exec-2] c.e.user.service.UserRegisterService     : User registered: id=2, email=user-3522bae6@example.com, status=ACTIVE
2026-06-09T10:50:47.770+08:00  INFO 186764 --- [-auto-13-exec-2] c.e.c.n.LocalNotificationServiceImpl     : Sending notification: bizType=USER_REGISTER, bizId=2, channel=EMAIL, template=WELCOME
2026-06-09T10:50:47.770+08:00  INFO 186764 --- [-auto-13-exec-2] c.e.common.notification.MockMailSender   : MOCK EMAIL: to=user-3522bae6@example.com, subject=[USER_REGISTER] Notification, body=[WELCOME] {nickname=Tester}
2026-06-09T10:50:47.770+08:00  INFO 186764 --- [-auto-13-exec-2] c.e.c.n.LocalNotificationServiceImpl     : Notification sent successfully: bizType=USER_REGISTER, bizId=2, channel=EMAIL
2026-06-09T10:50:47.820+08:00  INFO 186764 --- [-auto-13-exec-3] c.e.user.service.UserAuthService         : User logged in: id=2, email=user-3522bae6@example.com
2026-06-09T10:50:47.827+08:00  INFO 186764 --- [-auto-13-exec-4] c.ecommerce.user.service.AddressService  : Address created: id=1, userId=2
2026-06-09T10:50:47.831+08:00  INFO 186764 --- [-auto-13-exec-5] c.e.p.controller.AdminProductController  : Admin creating SPU: spuCode=SPU-3522bae6-10
2026-06-09T10:50:47.834+08:00  INFO 186764 --- [-auto-13-exec-5] c.ecommerce.product.service.SpuService   : Created SPU: id=1, spuCode=SPU-3522bae6-10
2026-06-09T10:50:47.839+08:00  INFO 186764 --- [-auto-13-exec-6] c.e.p.controller.AdminProductController  : Admin creating SKU: skuCode=SKU-3522bae6, spuId=1
2026-06-09T10:50:47.843+08:00  INFO 186764 --- [-auto-13-exec-6] c.ecommerce.product.service.SkuService   : Created SKU: id=1, skuCode=SKU-3522bae6, spuId=1
2026-06-09T10:50:47.848+08:00  INFO 186764 --- [-auto-13-exec-7] c.e.p.controller.AdminProductController  : Admin putting SKU on shelf: skuId=1
2026-06-09T10:50:47.849+08:00  INFO 186764 --- [-auto-13-exec-7] c.ecommerce.product.service.SkuService   : SKU on shelf: skuId=1, skuCode=SKU-3522bae6
2026-06-09T10:50:47.856+08:00  INFO 186764 --- [-auto-13-exec-8] c.e.inventory.service.WarehouseService   : Warehouse created: id=1, name=WH-3522bae6
2026-06-09T10:50:47.865+08:00  INFO 186764 --- [-auto-13-exec-9] c.e.inventory.service.InventoryService   : Inbound completed: warehouseId=1, skuId=1, qty=10
2026-06-09T10:50:47.872+08:00  INFO 186764 --- [auto-13-exec-10] c.e.order.controller.OrderController     : POST /api/v1/orders/create: userId=2, itemsCount=1
2026-06-09T10:50:47.873+08:00  INFO 186764 --- [auto-13-exec-10] c.ecommerce.order.service.OrderService   : Creating order for userId=2, itemsCount=1
2026-06-09T10:50:47.875+08:00  INFO 186764 --- [auto-13-exec-10] c.e.order.service.OrderTotalCalculator   : Calculated payable: itemTotal=100.00, shippingFee=8.00, packagingFee=1.00, discount=5.00, pointsDeduction=0, finalPayable=96.00
2026-06-09T10:50:47.884+08:00  INFO 186764 --- [auto-13-exec-10] c.e.i.s.InventoryReservationServiceImpl  : Stock reserved for orderId=1, itemsCount=1
2026-06-09T10:50:47.884+08:00  INFO 186764 --- [auto-13-exec-10] c.e.common.event.DomainEventPublisher    : Publishing domain event: eventId=3c222129-12a0-46a0-b5ce-398def7fe496, type=OrderCreatedEvent, occurredAt=2026-06-09T10:50:47.884255533
2026-06-09T10:50:47.884+08:00  INFO 186764 --- [auto-13-exec-10] c.e.common.event.DomainEventPublisher    : Domain event published successfully: eventId=3c222129-12a0-46a0-b5ce-398def7fe496
2026-06-09T10:50:47.884+08:00  INFO 186764 --- [auto-13-exec-10] c.ecommerce.order.service.OrderService   : Order created successfully: orderId=1, orderNo=SO202606097875, payableAmount=96.00
2026-06-09T10:50:47.884+08:00  INFO 186764 --- [auto-13-exec-10] c.e.order.listener.OrderEventListener    : [OrderEventListener] Order created: orderId=1, userId=2, amount=96.00, eventId=3c222129-12a0-46a0-b5ce-398def7fe496
2026-06-09T10:50:47.889+08:00  INFO 186764 --- [-auto-13-exec-1] c.e.p.controller.PaymentController       : Payment initiated for orderId=1
2026-06-09T10:50:47.889+08:00  INFO 186764 --- [-auto-13-exec-1] c.e.payment.service.PaymentService       : Initiating payment for orderId=1, amount=96.0, method=ALIPAY
2026-06-09T10:50:47.890+08:00  INFO 186764 --- [-auto-13-exec-1] c.e.payment.service.PaymentValidator     : Payment validation passed for orderId=1, amount=96.0
2026-06-09T10:50:47.892+08:00  INFO 186764 --- [-auto-13-exec-1] c.e.payment.service.PaymentService       : Payment record created: paymentNo=PAY17809734478901F627C8A, orderId=1
2026-06-09T10:50:47.896+08:00  INFO 186764 --- [-auto-13-exec-2] c.e.p.controller.PaymentController       : Payment callback received: paymentNo=PAY17809734478901F627C8A, status=null
2026-06-09T10:50:47.896+08:00  INFO 186764 --- [-auto-13-exec-2] c.e.p.service.PaymentCallbackService     : Processing payment callback: paymentNo=PAY17809734478901F627C8A, status=null, signature=null
2026-06-09T10:50:47.897+08:00  WARN 186764 --- [-auto-13-exec-2] c.e.p.service.PaymentCallbackService     : Unknown callback status: null
2026-06-09T10:50:47.899+08:00  INFO 186764 --- [-auto-13-exec-3] c.e.p.controller.PaymentController       : Querying payment: paymentNo=PAY17809734478901F627C8A
2026-06-09T10:50:47.904+08:00  INFO 186764 --- [           main] j.LocalContainerEntityManagerFactoryBean : Closing JPA EntityManagerFactory for persistence unit 'default'
2026-06-09T10:50:47.906+08:00  INFO 186764 --- [           main] com.zaxxer.hikari.HikariDataSource       : HikariPool-13 - Shutdown initiated...
2026-06-09T10:50:47.907+08:00  INFO 186764 --- [           main] com.zaxxer.hikari.HikariDataSource       : HikariPool-13 - Shutdown completed.
]]></system-out>
  </testcase>
  <testcase name="pub008_createBasicOrder" classname="Basic Flow Tests" time="0.235">
    <system-out><![CDATA[
  .   ____          _            __ _ _
 /\\ / ___'_ __ _ _(_)_ __  __ _ \ \ \ \
( ( )\___ | '_ | '_| | '_ \/ _` | \ \ \ \
 \\/  ___)| |_)| | | | | || (_| |  ) ) ) )
  '  |____| .__|_| |_|_| |_\__, | / / / /
 =========|_|==============|___/=/_/_/_/
 :: Spring Boot ::                (v3.2.6)

2026-06-09T10:50:47.915+08:00  INFO 186764 --- [           main] c.e.blackbox.pub.PubBasicFlowTest        : Starting PubBasicFlowTest using Java 21.0.11 with PID 186764 (started by oyealex in /home/oyealex/project/match3/public/test-cases)
2026-06-09T10:50:47.915+08:00  INFO 186764 --- [           main] c.e.blackbox.pub.PubBasicFlowTest        : The following 1 profile is active: "test"
2026-06-09T10:50:47.958+08:00  INFO 186764 --- [           main] .s.d.r.c.RepositoryConfigurationDelegate : Bootstrapping Spring Data JPA repositories in DEFAULT mode.
2026-06-09T10:50:47.965+08:00  INFO 186764 --- [           main] .s.d.r.c.RepositoryConfigurationDelegate : Finished Spring Data repository scanning in 7 ms. Found 43 JPA repository interfaces.
2026-06-09T10:50:47.999+08:00  INFO 186764 --- [           main] o.s.b.w.embedded.tomcat.TomcatWebServer  : Tomcat initialized with port 0 (http)
2026-06-09T10:50:47.999+08:00  INFO 186764 --- [           main] o.apache.catalina.core.StandardService   : Starting service [Tomcat]
2026-06-09T10:50:47.999+08:00  INFO 186764 --- [           main] o.apache.catalina.core.StandardEngine    : Starting Servlet engine: [Apache Tomcat/10.1.24]
2026-06-09T10:50:48.003+08:00  INFO 186764 --- [           main] o.a.c.c.C.[Tomcat].[localhost].[/]       : Initializing Spring embedded WebApplicationContext
2026-06-09T10:50:48.003+08:00  INFO 186764 --- [           main] w.s.c.ServletWebServerApplicationContext : Root WebApplicationContext: initialization completed in 88 ms
2026-06-09T10:50:48.019+08:00  INFO 186764 --- [           main] o.hibernate.jpa.internal.util.LogHelper  : HHH000204: Processing PersistenceUnitInfo [name: default]
2026-06-09T10:50:48.020+08:00  INFO 186764 --- [           main] o.h.c.internal.RegionFactoryInitiator    : HHH000026: Second-level cache disabled
2026-06-09T10:50:48.021+08:00  INFO 186764 --- [           main] o.s.o.j.p.SpringPersistenceUnitInfo      : No LoadTimeWeaver setup: ignoring JPA class transformer
2026-06-09T10:50:48.021+08:00  INFO 186764 --- [           main] com.zaxxer.hikari.HikariDataSource       : HikariPool-14 - Starting...
2026-06-09T10:50:48.022+08:00  INFO 186764 --- [           main] com.zaxxer.hikari.pool.HikariPool        : HikariPool-14 - Added connection conn130: url=jdbc:h2:mem:shophub-de03bd98-f637-4d50-ba6b-10138254032d user=SA
2026-06-09T10:50:48.022+08:00  INFO 186764 --- [           main] com.zaxxer.hikari.HikariDataSource       : HikariPool-14 - Start completed.
2026-06-09T10:50:48.108+08:00  INFO 186764 --- [           main] o.h.e.t.j.p.i.JtaPlatformInitiator       : HHH000489: No JTA platform available (set 'hibernate.transaction.jta.platform' to enable JTA platform integration)
2026-06-09T10:50:48.113+08:00  INFO 186764 --- [           main] j.LocalContainerEntityManagerFactoryBean : Initialized JPA EntityManagerFactory for persistence unit 'default'
2026-06-09T10:50:48.179+08:00  INFO 186764 --- [           main] c.ecommerce.cart.config.CartCacheConfig  : Initializing cart cache with TTL=PT168H, maxSize=10000
2026-06-09T10:50:48.204+08:00  INFO 186764 --- [           main] c.e.order.service.OrderNumberGenerator   : OrderNumberGenerator initialized with date=20260609
2026-06-09T10:50:48.258+08:00  WARN 186764 --- [           main] .s.s.UserDetailsServiceAutoConfiguration : 

Using generated security password: 520fbcb7-850c-427a-a9af-6c5393907e19

This generated password is for development use only. Your security configuration must be updated before running your application in production.

2026-06-09T10:50:48.274+08:00  INFO 186764 --- [           main] o.s.s.web.DefaultSecurityFilterChain     : Will secure any request with [org.springframework.security.web.session.DisableEncodeUrlFilter@4a2d3790, org.springframework.security.web.context.request.async.WebAsyncManagerIntegrationFilter@40f3f2f, org.springframework.security.web.context.SecurityContextHolderFilter@3d40341b, org.springframework.security.web.header.HeaderWriterFilter@6edb57f4, org.springframework.web.filter.CorsFilter@49dcefe6, org.springframework.security.web.authentication.logout.LogoutFilter@68c4c507, com.ecommerce.user.security.JwtAuthFilter@727ae7ee, org.springframework.security.web.savedrequest.RequestCacheAwareFilter@6ac2c3, org.springframework.security.web.servletapi.SecurityContextHolderAwareRequestFilter@343a41cd, org.springframework.security.web.authentication.AnonymousAuthenticationFilter@5148df86, org.springframework.security.web.session.SessionManagementFilter@49352eff, org.springframework.security.web.access.ExceptionTranslationFilter@2323c686, org.springframework.security.web.access.intercept.AuthorizationFilter@583c642f]
2026-06-09T10:50:48.275+08:00  INFO 186764 --- [           main] o.s.s.web.DefaultSecurityFilterChain     : Will secure any request with [org.springframework.security.web.session.DisableEncodeUrlFilter@29552390, org.springframework.security.web.context.request.async.WebAsyncManagerIntegrationFilter@478a01d4, org.springframework.security.web.context.SecurityContextHolderFilter@6815897, org.springframework.security.web.header.HeaderWriterFilter@248d92f8, org.springframework.web.filter.CorsFilter@39ad87d2, org.springframework.security.web.authentication.logout.LogoutFilter@5c0656f8, com.ecommerce.user.security.JwtAuthFilter@74d1588e, org.springframework.security.web.savedrequest.RequestCacheAwareFilter@3282c810, org.springframework.security.web.servletapi.SecurityContextHolderAwareRequestFilter@7a5086ea, org.springframework.security.web.authentication.AnonymousAuthenticationFilter@7418ac27, org.springframework.security.web.session.SessionManagementFilter@78da4df3, org.springframework.security.web.access.ExceptionTranslationFilter@750827f0, org.springframework.security.web.access.intercept.AuthorizationFilter@6f96900]
2026-06-09T10:50:48.301+08:00  INFO 186764 --- [           main] o.s.b.w.embedded.tomcat.TomcatWebServer  : Tomcat started on port 42073 (http) with context path ''
2026-06-09T10:50:48.302+08:00  INFO 186764 --- [           main] c.e.blackbox.pub.PubBasicFlowTest        : Started PubBasicFlowTest in 0.393 seconds (process running for 15.132)
2026-06-09T10:50:48.356+08:00  INFO 186764 --- [-auto-14-exec-1] o.a.c.c.C.[Tomcat].[localhost].[/]       : Initializing Spring DispatcherServlet 'dispatcherServlet'
2026-06-09T10:50:48.356+08:00  INFO 186764 --- [-auto-14-exec-1] o.s.web.servlet.DispatcherServlet        : Initializing Servlet 'dispatcherServlet'
2026-06-09T10:50:48.356+08:00  INFO 186764 --- [-auto-14-exec-1] o.s.web.servlet.DispatcherServlet        : Completed initialization in 0 ms
2026-06-09T10:50:48.407+08:00  INFO 186764 --- [-auto-14-exec-1] c.e.user.service.UserAuthService         : User logged in: id=1, email=admin@shophub.test
2026-06-09T10:50:48.462+08:00  INFO 186764 --- [-auto-14-exec-2] c.e.user.service.UserRegisterService     : User registered: id=2, email=user-4d676ccd@example.com, status=ACTIVE
2026-06-09T10:50:48.462+08:00  INFO 186764 --- [-auto-14-exec-2] c.e.c.n.LocalNotificationServiceImpl     : Sending notification: bizType=USER_REGISTER, bizId=2, channel=EMAIL, template=WELCOME
2026-06-09T10:50:48.462+08:00  INFO 186764 --- [-auto-14-exec-2] c.e.common.notification.MockMailSender   : MOCK EMAIL: to=user-4d676ccd@example.com, subject=[USER_REGISTER] Notification, body=[WELCOME] {nickname=Tester}
2026-06-09T10:50:48.462+08:00  INFO 186764 --- [-auto-14-exec-2] c.e.c.n.LocalNotificationServiceImpl     : Notification sent successfully: bizType=USER_REGISTER, bizId=2, channel=EMAIL
2026-06-09T10:50:48.514+08:00  INFO 186764 --- [-auto-14-exec-3] c.e.user.service.UserAuthService         : User logged in: id=2, email=user-4d676ccd@example.com
2026-06-09T10:50:48.522+08:00  INFO 186764 --- [-auto-14-exec-4] c.ecommerce.user.service.AddressService  : Address created: id=1, userId=2
2026-06-09T10:50:48.526+08:00  INFO 186764 --- [-auto-14-exec-5] c.e.p.controller.AdminProductController  : Admin creating SPU: spuCode=SPU-4d676ccd-11
2026-06-09T10:50:48.529+08:00  INFO 186764 --- [-auto-14-exec-5] c.ecommerce.product.service.SpuService   : Created SPU: id=1, spuCode=SPU-4d676ccd-11
2026-06-09T10:50:48.534+08:00  INFO 186764 --- [-auto-14-exec-6] c.e.p.controller.AdminProductController  : Admin creating SKU: skuCode=SKU-4d676ccd, spuId=1
2026-06-09T10:50:48.538+08:00  INFO 186764 --- [-auto-14-exec-6] c.ecommerce.product.service.SkuService   : Created SKU: id=1, skuCode=SKU-4d676ccd, spuId=1
2026-06-09T10:50:48.542+08:00  INFO 186764 --- [-auto-14-exec-7] c.e.p.controller.AdminProductController  : Admin putting SKU on shelf: skuId=1
2026-06-09T10:50:48.543+08:00  INFO 186764 --- [-auto-14-exec-7] c.ecommerce.product.service.SkuService   : SKU on shelf: skuId=1, skuCode=SKU-4d676ccd
2026-06-09T10:50:48.549+08:00  INFO 186764 --- [-auto-14-exec-8] c.e.inventory.service.WarehouseService   : Warehouse created: id=1, name=WH-4d676ccd
2026-06-09T10:50:48.558+08:00  INFO 186764 --- [-auto-14-exec-9] c.e.inventory.service.InventoryService   : Inbound completed: warehouseId=1, skuId=1, qty=10
2026-06-09T10:50:48.565+08:00  INFO 186764 --- [auto-14-exec-10] c.e.order.controller.OrderController     : POST /api/v1/orders/create: userId=2, itemsCount=1
2026-06-09T10:50:48.565+08:00  INFO 186764 --- [auto-14-exec-10] c.ecommerce.order.service.OrderService   : Creating order for userId=2, itemsCount=1
2026-06-09T10:50:48.568+08:00  INFO 186764 --- [auto-14-exec-10] c.e.order.service.OrderTotalCalculator   : Calculated payable: itemTotal=100.00, shippingFee=8.00, packagingFee=1.00, discount=5.00, pointsDeduction=0, finalPayable=96.00
2026-06-09T10:50:48.576+08:00  INFO 186764 --- [auto-14-exec-10] c.e.i.s.InventoryReservationServiceImpl  : Stock reserved for orderId=1, itemsCount=1
2026-06-09T10:50:48.576+08:00  INFO 186764 --- [auto-14-exec-10] c.e.common.event.DomainEventPublisher    : Publishing domain event: eventId=0ef24447-7604-4d19-ad33-c53224b66068, type=OrderCreatedEvent, occurredAt=2026-06-09T10:50:48.576760311
2026-06-09T10:50:48.576+08:00  INFO 186764 --- [auto-14-exec-10] c.e.common.event.DomainEventPublisher    : Domain event published successfully: eventId=0ef24447-7604-4d19-ad33-c53224b66068
2026-06-09T10:50:48.576+08:00  INFO 186764 --- [auto-14-exec-10] c.ecommerce.order.service.OrderService   : Order created successfully: orderId=1, orderNo=SO202606098568, payableAmount=96.00
2026-06-09T10:50:48.577+08:00  INFO 186764 --- [auto-14-exec-10] c.e.order.listener.OrderEventListener    : [OrderEventListener] Order created: orderId=1, userId=2, amount=96.00, eventId=0ef24447-7604-4d19-ad33-c53224b66068
2026-06-09T10:50:48.582+08:00  INFO 186764 --- [           main] j.LocalContainerEntityManagerFactoryBean : Closing JPA EntityManagerFactory for persistence unit 'default'
2026-06-09T10:50:48.584+08:00  INFO 186764 --- [           main] com.zaxxer.hikari.HikariDataSource       : HikariPool-14 - Shutdown initiated...
2026-06-09T10:50:48.584+08:00  INFO 186764 --- [           main] com.zaxxer.hikari.HikariDataSource       : HikariPool-14 - Shutdown completed.
]]></system-out>
  </testcase>
  <testcase name="pub014_createReview" classname="Basic Flow Tests" time="0.27">
    <system-out><![CDATA[
  .   ____          _            __ _ _
 /\\ / ___'_ __ _ _(_)_ __  __ _ \ \ \ \
( ( )\___ | '_ | '_| | '_ \/ _` | \ \ \ \
 \\/  ___)| |_)| | | | | || (_| |  ) ) ) )
  '  |____| .__|_| |_|_| |_\__, | / / / /
 =========|_|==============|___/=/_/_/_/
 :: Spring Boot ::                (v3.2.6)

2026-06-09T10:50:48.592+08:00  INFO 186764 --- [           main] c.e.blackbox.pub.PubBasicFlowTest        : Starting PubBasicFlowTest using Java 21.0.11 with PID 186764 (started by oyealex in /home/oyealex/project/match3/public/test-cases)
2026-06-09T10:50:48.592+08:00  INFO 186764 --- [           main] c.e.blackbox.pub.PubBasicFlowTest        : The following 1 profile is active: "test"
2026-06-09T10:50:48.635+08:00  INFO 186764 --- [           main] .s.d.r.c.RepositoryConfigurationDelegate : Bootstrapping Spring Data JPA repositories in DEFAULT mode.
2026-06-09T10:50:48.647+08:00  INFO 186764 --- [           main] .s.d.r.c.RepositoryConfigurationDelegate : Finished Spring Data repository scanning in 11 ms. Found 43 JPA repository interfaces.
2026-06-09T10:50:48.716+08:00  INFO 186764 --- [           main] o.s.b.w.embedded.tomcat.TomcatWebServer  : Tomcat initialized with port 0 (http)
2026-06-09T10:50:48.717+08:00  INFO 186764 --- [           main] o.apache.catalina.core.StandardService   : Starting service [Tomcat]
2026-06-09T10:50:48.717+08:00  INFO 186764 --- [           main] o.apache.catalina.core.StandardEngine    : Starting Servlet engine: [Apache Tomcat/10.1.24]
2026-06-09T10:50:48.721+08:00  INFO 186764 --- [           main] o.a.c.c.C.[Tomcat].[localhost].[/]       : Initializing Spring embedded WebApplicationContext
2026-06-09T10:50:48.721+08:00  INFO 186764 --- [           main] w.s.c.ServletWebServerApplicationContext : Root WebApplicationContext: initialization completed in 128 ms
2026-06-09T10:50:48.746+08:00  INFO 186764 --- [           main] o.hibernate.jpa.internal.util.LogHelper  : HHH000204: Processing PersistenceUnitInfo [name: default]
2026-06-09T10:50:48.746+08:00  INFO 186764 --- [           main] o.h.c.internal.RegionFactoryInitiator    : HHH000026: Second-level cache disabled
2026-06-09T10:50:48.749+08:00  INFO 186764 --- [           main] o.s.o.j.p.SpringPersistenceUnitInfo      : No LoadTimeWeaver setup: ignoring JPA class transformer
2026-06-09T10:50:48.749+08:00  INFO 186764 --- [           main] com.zaxxer.hikari.HikariDataSource       : HikariPool-15 - Starting...
2026-06-09T10:50:48.751+08:00  INFO 186764 --- [           main] com.zaxxer.hikari.pool.HikariPool        : HikariPool-15 - Added connection conn140: url=jdbc:h2:mem:shophub-a8d994ae-c949-4594-a4b0-42a6dcd52b6b user=SA
2026-06-09T10:50:48.751+08:00  INFO 186764 --- [           main] com.zaxxer.hikari.HikariDataSource       : HikariPool-15 - Start completed.
2026-06-09T10:50:48.855+08:00  INFO 186764 --- [           main] o.h.e.t.j.p.i.JtaPlatformInitiator       : HHH000489: No JTA platform available (set 'hibernate.transaction.jta.platform' to enable JTA platform integration)
2026-06-09T10:50:48.860+08:00  INFO 186764 --- [           main] j.LocalContainerEntityManagerFactoryBean : Initialized JPA EntityManagerFactory for persistence unit 'default'
2026-06-09T10:50:48.929+08:00  INFO 186764 --- [           main] c.ecommerce.cart.config.CartCacheConfig  : Initializing cart cache with TTL=PT168H, maxSize=10000
2026-06-09T10:50:48.951+08:00  INFO 186764 --- [           main] c.e.order.service.OrderNumberGenerator   : OrderNumberGenerator initialized with date=20260609
2026-06-09T10:50:48.991+08:00  WARN 186764 --- [           main] .s.s.UserDetailsServiceAutoConfiguration : 

Using generated security password: d9ec8df6-2cd8-4e27-a665-f29cb2b3e1df

This generated password is for development use only. Your security configuration must be updated before running your application in production.

2026-06-09T10:50:49.007+08:00  INFO 186764 --- [           main] o.s.s.web.DefaultSecurityFilterChain     : Will secure any request with [org.springframework.security.web.session.DisableEncodeUrlFilter@5da2bb8e, org.springframework.security.web.context.request.async.WebAsyncManagerIntegrationFilter@3881e128, org.springframework.security.web.context.SecurityContextHolderFilter@7dfdb9, org.springframework.security.web.header.HeaderWriterFilter@37196126, org.springframework.web.filter.CorsFilter@7805fb5e, org.springframework.security.web.authentication.logout.LogoutFilter@34ba2f95, com.ecommerce.user.security.JwtAuthFilter@da6f33a, org.springframework.security.web.savedrequest.RequestCacheAwareFilter@58983edb, org.springframework.security.web.servletapi.SecurityContextHolderAwareRequestFilter@247474bf, org.springframework.security.web.authentication.AnonymousAuthenticationFilter@451057cb, org.springframework.security.web.session.SessionManagementFilter@5575576f, org.springframework.security.web.access.ExceptionTranslationFilter@1789f683, org.springframework.security.web.access.intercept.AuthorizationFilter@2a9be9a5]
2026-06-09T10:50:49.008+08:00  INFO 186764 --- [           main] o.s.s.web.DefaultSecurityFilterChain     : Will secure any request with [org.springframework.security.web.session.DisableEncodeUrlFilter@4384e687, org.springframework.security.web.context.request.async.WebAsyncManagerIntegrationFilter@7ea5d9a6, org.springframework.security.web.context.SecurityContextHolderFilter@4137e039, org.springframework.security.web.header.HeaderWriterFilter@4308c034, org.springframework.web.filter.CorsFilter@4e7e2821, org.springframework.security.web.authentication.logout.LogoutFilter@26437bfa, com.ecommerce.user.security.JwtAuthFilter@57fe647e, org.springframework.security.web.savedrequest.RequestCacheAwareFilter@18407b27, org.springframework.security.web.servletapi.SecurityContextHolderAwareRequestFilter@1d4c017b, org.springframework.security.web.authentication.AnonymousAuthenticationFilter@332a10d8, org.springframework.security.web.session.SessionManagementFilter@43f0de56, org.springframework.security.web.access.ExceptionTranslationFilter@49020595, org.springframework.security.web.access.intercept.AuthorizationFilter@40fb2c5c]
2026-06-09T10:50:49.036+08:00  INFO 186764 --- [           main] o.s.b.w.embedded.tomcat.TomcatWebServer  : Tomcat started on port 41629 (http) with context path ''
2026-06-09T10:50:49.037+08:00  INFO 186764 --- [           main] c.e.blackbox.pub.PubBasicFlowTest        : Started PubBasicFlowTest in 0.45 seconds (process running for 15.868)
2026-06-09T10:50:49.093+08:00  INFO 186764 --- [-auto-15-exec-1] o.a.c.c.C.[Tomcat].[localhost].[/]       : Initializing Spring DispatcherServlet 'dispatcherServlet'
2026-06-09T10:50:49.093+08:00  INFO 186764 --- [-auto-15-exec-1] o.s.web.servlet.DispatcherServlet        : Initializing Servlet 'dispatcherServlet'
2026-06-09T10:50:49.093+08:00  INFO 186764 --- [-auto-15-exec-1] o.s.web.servlet.DispatcherServlet        : Completed initialization in 0 ms
2026-06-09T10:50:49.143+08:00  INFO 186764 --- [-auto-15-exec-1] c.e.user.service.UserAuthService         : User logged in: id=1, email=admin@shophub.test
2026-06-09T10:50:49.197+08:00  INFO 186764 --- [-auto-15-exec-2] c.e.user.service.UserRegisterService     : User registered: id=2, email=user-80c81b20@example.com, status=ACTIVE
2026-06-09T10:50:49.197+08:00  INFO 186764 --- [-auto-15-exec-2] c.e.c.n.LocalNotificationServiceImpl     : Sending notification: bizType=USER_REGISTER, bizId=2, channel=EMAIL, template=WELCOME
2026-06-09T10:50:49.197+08:00  INFO 186764 --- [-auto-15-exec-2] c.e.common.notification.MockMailSender   : MOCK EMAIL: to=user-80c81b20@example.com, subject=[USER_REGISTER] Notification, body=[WELCOME] {nickname=Tester}
2026-06-09T10:50:49.197+08:00  INFO 186764 --- [-auto-15-exec-2] c.e.c.n.LocalNotificationServiceImpl     : Notification sent successfully: bizType=USER_REGISTER, bizId=2, channel=EMAIL
2026-06-09T10:50:49.248+08:00  INFO 186764 --- [-auto-15-exec-3] c.e.user.service.UserAuthService         : User logged in: id=2, email=user-80c81b20@example.com
2026-06-09T10:50:49.255+08:00  INFO 186764 --- [-auto-15-exec-4] c.ecommerce.user.service.AddressService  : Address created: id=1, userId=2
2026-06-09T10:50:49.259+08:00  INFO 186764 --- [-auto-15-exec-5] c.e.p.controller.AdminProductController  : Admin creating SPU: spuCode=SPU-80c81b20-12
2026-06-09T10:50:49.262+08:00  INFO 186764 --- [-auto-15-exec-5] c.ecommerce.product.service.SpuService   : Created SPU: id=1, spuCode=SPU-80c81b20-12
2026-06-09T10:50:49.267+08:00  INFO 186764 --- [-auto-15-exec-6] c.e.p.controller.AdminProductController  : Admin creating SKU: skuCode=SKU-80c81b20, spuId=1
2026-06-09T10:50:49.271+08:00  INFO 186764 --- [-auto-15-exec-6] c.ecommerce.product.service.SkuService   : Created SKU: id=1, skuCode=SKU-80c81b20, spuId=1
2026-06-09T10:50:49.276+08:00  INFO 186764 --- [-auto-15-exec-7] c.e.p.controller.AdminProductController  : Admin putting SKU on shelf: skuId=1
2026-06-09T10:50:49.277+08:00  INFO 186764 --- [-auto-15-exec-7] c.ecommerce.product.service.SkuService   : SKU on shelf: skuId=1, skuCode=SKU-80c81b20
2026-06-09T10:50:49.284+08:00  INFO 186764 --- [-auto-15-exec-8] c.e.inventory.service.WarehouseService   : Warehouse created: id=1, name=WH-80c81b20
2026-06-09T10:50:49.294+08:00  INFO 186764 --- [-auto-15-exec-9] c.e.inventory.service.InventoryService   : Inbound completed: warehouseId=1, skuId=1, qty=10
2026-06-09T10:50:49.304+08:00  INFO 186764 --- [auto-15-exec-10] c.e.order.controller.OrderController     : POST /api/v1/orders/create: userId=2, itemsCount=1
2026-06-09T10:50:49.304+08:00  INFO 186764 --- [auto-15-exec-10] c.ecommerce.order.service.OrderService   : Creating order for userId=2, itemsCount=1
2026-06-09T10:50:49.306+08:00  INFO 186764 --- [auto-15-exec-10] c.e.order.service.OrderTotalCalculator   : Calculated payable: itemTotal=100.00, shippingFee=8.00, packagingFee=1.00, discount=5.00, pointsDeduction=0, finalPayable=96.00
2026-06-09T10:50:49.313+08:00  INFO 186764 --- [auto-15-exec-10] c.e.i.s.InventoryReservationServiceImpl  : Stock reserved for orderId=1, itemsCount=1
2026-06-09T10:50:49.314+08:00  INFO 186764 --- [auto-15-exec-10] c.e.common.event.DomainEventPublisher    : Publishing domain event: eventId=9d57eadc-152a-47fa-b4d2-1a13212fe96c, type=OrderCreatedEvent, occurredAt=2026-06-09T10:50:49.314062513
2026-06-09T10:50:49.314+08:00  INFO 186764 --- [auto-15-exec-10] c.e.common.event.DomainEventPublisher    : Domain event published successfully: eventId=9d57eadc-152a-47fa-b4d2-1a13212fe96c
2026-06-09T10:50:49.314+08:00  INFO 186764 --- [auto-15-exec-10] c.ecommerce.order.service.OrderService   : Order created successfully: orderId=1, orderNo=SO202606099306, payableAmount=96.00
2026-06-09T10:50:49.314+08:00  INFO 186764 --- [auto-15-exec-10] c.e.order.listener.OrderEventListener    : [OrderEventListener] Order created: orderId=1, userId=2, amount=96.00, eventId=9d57eadc-152a-47fa-b4d2-1a13212fe96c
2026-06-09T10:50:49.319+08:00  INFO 186764 --- [-auto-15-exec-1] c.e.p.controller.PaymentController       : Payment initiated for orderId=1
2026-06-09T10:50:49.319+08:00  INFO 186764 --- [-auto-15-exec-1] c.e.payment.service.PaymentService       : Initiating payment for orderId=1, amount=96.0, method=ALIPAY
2026-06-09T10:50:49.321+08:00  INFO 186764 --- [-auto-15-exec-1] c.e.payment.service.PaymentValidator     : Payment validation passed for orderId=1, amount=96.0
2026-06-09T10:50:49.322+08:00  INFO 186764 --- [-auto-15-exec-1] c.e.payment.service.PaymentService       : Payment record created: paymentNo=PAY1780973449321DC160E2D, orderId=1
2026-06-09T10:50:49.326+08:00  INFO 186764 --- [-auto-15-exec-2] c.e.p.controller.PaymentController       : Payment callback received: paymentNo=PAY1780973449321DC160E2D, status=null
2026-06-09T10:50:49.327+08:00  INFO 186764 --- [-auto-15-exec-2] c.e.p.service.PaymentCallbackService     : Processing payment callback: paymentNo=PAY1780973449321DC160E2D, status=null, signature=null
2026-06-09T10:50:49.327+08:00  WARN 186764 --- [-auto-15-exec-2] c.e.p.service.PaymentCallbackService     : Unknown callback status: null
2026-06-09T10:50:49.329+08:00  INFO 186764 --- [-auto-15-exec-3] c.e.l.controller.LogisticsController     : GET /api/v1/logistics/order/1
2026-06-09T10:50:49.330+08:00  WARN 186764 --- [-auto-15-exec-3] c.e.c.exception.GlobalExceptionHandler   : Resource not found [1bc8d19f-1780973449330]: Shipment not found for order: 1
2026-06-09T10:50:49.337+08:00  INFO 186764 --- [-auto-15-exec-4] c.e.review.controller.ReviewController   : POST /api/v1/reviews: userId=2, productId=1, rating=5
2026-06-09T10:50:49.341+08:00  INFO 186764 --- [-auto-15-exec-4] c.e.review.service.ReviewService         : Review created: id=1, userId=2, productId=1, status=PENDING_REVIEW
2026-06-09T10:50:49.341+08:00  INFO 186764 --- [-auto-15-exec-4] c.e.common.event.DomainEventPublisher    : Publishing domain event: eventId=152b7112-abb5-4796-b48c-722486b87005, type=ReviewApprovedEvent, occurredAt=2026-06-09T10:50:49.341676579
2026-06-09T10:50:49.341+08:00  INFO 186764 --- [-auto-15-exec-4] c.e.r.s.ReviewApprovedEventListener      : Received ReviewApprovedEvent: reviewId=1, userId=2
2026-06-09T10:50:49.341+08:00  INFO 186764 --- [-auto-15-exec-4] c.e.r.s.ReviewApprovedEventListener      : Awarding 20 review points to userId=2 for reviewId=1
2026-06-09T10:50:49.341+08:00  INFO 186764 --- [-auto-15-exec-4] c.e.r.s.ReviewApprovedEventListener      : Awarded 20 review reward points for reviewId=1, userId=2
2026-06-09T10:50:49.341+08:00  INFO 186764 --- [-auto-15-exec-4] c.e.common.event.DomainEventPublisher    : Domain event published successfully: eventId=152b7112-abb5-4796-b48c-722486b87005
2026-06-09T10:50:49.346+08:00  INFO 186764 --- [-auto-15-exec-5] c.e.review.controller.ReviewController   : GET /api/v1/reviews/my: userId=2, page=0, size=10
2026-06-09T10:50:49.355+08:00  INFO 186764 --- [           main] j.LocalContainerEntityManagerFactoryBean : Closing JPA EntityManagerFactory for persistence unit 'default'
2026-06-09T10:50:49.356+08:00  INFO 186764 --- [           main] com.zaxxer.hikari.HikariDataSource       : HikariPool-15 - Shutdown initiated...
2026-06-09T10:50:49.357+08:00  INFO 186764 --- [           main] com.zaxxer.hikari.HikariDataSource       : HikariPool-15 - Shutdown completed.
]]></system-out>
  </testcase>
  <testcase name="pub016_batchOrdersAllValid" classname="Basic Flow Tests" time="0.255">
    <system-out><![CDATA[
  .   ____          _            __ _ _
 /\\ / ___'_ __ _ _(_)_ __  __ _ \ \ \ \
( ( )\___ | '_ | '_| | '_ \/ _` | \ \ \ \
 \\/  ___)| |_)| | | | | || (_| |  ) ) ) )
  '  |____| .__|_| |_|_| |_\__, | / / / /
 =========|_|==============|___/=/_/_/_/
 :: Spring Boot ::                (v3.2.6)

2026-06-09T10:50:49.365+08:00  INFO 186764 --- [           main] c.e.blackbox.pub.PubBasicFlowTest        : Starting PubBasicFlowTest using Java 21.0.11 with PID 186764 (started by oyealex in /home/oyealex/project/match3/public/test-cases)
2026-06-09T10:50:49.365+08:00  INFO 186764 --- [           main] c.e.blackbox.pub.PubBasicFlowTest        : The following 1 profile is active: "test"
2026-06-09T10:50:49.407+08:00  INFO 186764 --- [           main] .s.d.r.c.RepositoryConfigurationDelegate : Bootstrapping Spring Data JPA repositories in DEFAULT mode.
2026-06-09T10:50:49.418+08:00  INFO 186764 --- [           main] .s.d.r.c.RepositoryConfigurationDelegate : Finished Spring Data repository scanning in 10 ms. Found 43 JPA repository interfaces.
2026-06-09T10:50:49.451+08:00  INFO 186764 --- [           main] o.s.b.w.embedded.tomcat.TomcatWebServer  : Tomcat initialized with port 0 (http)
2026-06-09T10:50:49.452+08:00  INFO 186764 --- [           main] o.apache.catalina.core.StandardService   : Starting service [Tomcat]
2026-06-09T10:50:49.452+08:00  INFO 186764 --- [           main] o.apache.catalina.core.StandardEngine    : Starting Servlet engine: [Apache Tomcat/10.1.24]
2026-06-09T10:50:49.455+08:00  INFO 186764 --- [           main] o.a.c.c.C.[Tomcat].[localhost].[/]       : Initializing Spring embedded WebApplicationContext
2026-06-09T10:50:49.455+08:00  INFO 186764 --- [           main] w.s.c.ServletWebServerApplicationContext : Root WebApplicationContext: initialization completed in 89 ms
2026-06-09T10:50:49.470+08:00  INFO 186764 --- [           main] o.hibernate.jpa.internal.util.LogHelper  : HHH000204: Processing PersistenceUnitInfo [name: default]
2026-06-09T10:50:49.470+08:00  INFO 186764 --- [           main] o.h.c.internal.RegionFactoryInitiator    : HHH000026: Second-level cache disabled
2026-06-09T10:50:49.472+08:00  INFO 186764 --- [           main] o.s.o.j.p.SpringPersistenceUnitInfo      : No LoadTimeWeaver setup: ignoring JPA class transformer
2026-06-09T10:50:49.472+08:00  INFO 186764 --- [           main] com.zaxxer.hikari.HikariDataSource       : HikariPool-16 - Starting...
2026-06-09T10:50:49.473+08:00  INFO 186764 --- [           main] com.zaxxer.hikari.pool.HikariPool        : HikariPool-16 - Added connection conn150: url=jdbc:h2:mem:shophub-132b3cc5-0a43-405b-83eb-6bba8ea975e6 user=SA
2026-06-09T10:50:49.473+08:00  INFO 186764 --- [           main] com.zaxxer.hikari.HikariDataSource       : HikariPool-16 - Start completed.
2026-06-09T10:50:49.551+08:00  INFO 186764 --- [           main] o.h.e.t.j.p.i.JtaPlatformInitiator       : HHH000489: No JTA platform available (set 'hibernate.transaction.jta.platform' to enable JTA platform integration)
2026-06-09T10:50:49.556+08:00  INFO 186764 --- [           main] j.LocalContainerEntityManagerFactoryBean : Initialized JPA EntityManagerFactory for persistence unit 'default'
2026-06-09T10:50:49.618+08:00  INFO 186764 --- [           main] c.ecommerce.cart.config.CartCacheConfig  : Initializing cart cache with TTL=PT168H, maxSize=10000
2026-06-09T10:50:49.638+08:00  INFO 186764 --- [           main] c.e.order.service.OrderNumberGenerator   : OrderNumberGenerator initialized with date=20260609
2026-06-09T10:50:49.682+08:00  WARN 186764 --- [           main] .s.s.UserDetailsServiceAutoConfiguration : 

Using generated security password: ac4c6550-f8d2-459f-8493-0c4d4bdf764a

This generated password is for development use only. Your security configuration must be updated before running your application in production.

[...]
2026-06-09T10:50:54.122+08:00  INFO 186764 --- [           main] o.s.b.w.embedded.tomcat.TomcatWebServer  : Tomcat started on port 42805 (http) with context path ''
2026-06-09T10:50:54.123+08:00  INFO 186764 --- [           main] c.e.blackbox.pub.PubBasicFlowTest        : Started PubBasicFlowTest in 0.364 seconds (process running for 20.953)
2026-06-09T10:50:54.178+08:00  INFO 186764 --- [-auto-23-exec-1] o.a.c.c.C.[Tomcat].[localhost].[/]       : Initializing Spring DispatcherServlet 'dispatcherServlet'
2026-06-09T10:50:54.178+08:00  INFO 186764 --- [-auto-23-exec-1] o.s.web.servlet.DispatcherServlet        : Initializing Servlet 'dispatcherServlet'
2026-06-09T10:50:54.179+08:00  INFO 186764 --- [-auto-23-exec-1] o.s.web.servlet.DispatcherServlet        : Completed initialization in 1 ms
2026-06-09T10:50:54.229+08:00  INFO 186764 --- [-auto-23-exec-1] c.e.user.service.UserAuthService         : User logged in: id=1, email=admin@shophub.test
2026-06-09T10:50:54.235+08:00  INFO 186764 --- [-auto-23-exec-2] c.e.p.controller.AdminProductController  : Admin creating SPU: spuCode=SPU-007fcce5-20
2026-06-09T10:50:54.237+08:00  INFO 186764 --- [-auto-23-exec-2] c.ecommerce.product.service.SpuService   : Created SPU: id=1, spuCode=SPU-007fcce5-20
2026-06-09T10:50:54.242+08:00  INFO 186764 --- [-auto-23-exec-3] c.e.p.controller.AdminProductController  : Admin creating SKU: skuCode=SKU-007fcce5, spuId=1
2026-06-09T10:50:54.246+08:00  INFO 186764 --- [-auto-23-exec-3] c.ecommerce.product.service.SkuService   : Created SKU: id=1, skuCode=SKU-007fcce5, spuId=1
2026-06-09T10:50:54.249+08:00  INFO 186764 --- [-auto-23-exec-4] c.e.p.controller.AdminProductController  : Admin putting SKU on shelf: skuId=1
2026-06-09T10:50:54.250+08:00  INFO 186764 --- [-auto-23-exec-4] c.ecommerce.product.service.SkuService   : SKU on shelf: skuId=1, skuCode=SKU-007fcce5
2026-06-09T10:50:54.256+08:00  INFO 186764 --- [-auto-23-exec-5] c.e.inventory.service.WarehouseService   : Warehouse created: id=1, name=WH-007fcce5
2026-06-09T10:50:54.264+08:00  INFO 186764 --- [-auto-23-exec-6] c.e.inventory.service.InventoryService   : Inbound completed: warehouseId=1, skuId=1, qty=50
2026-06-09T10:50:54.274+08:00  INFO 186764 --- [           main] j.LocalContainerEntityManagerFactoryBean : Closing JPA EntityManagerFactory for persistence unit 'default'
2026-06-09T10:50:54.276+08:00  INFO 186764 --- [           main] com.zaxxer.hikari.HikariDataSource       : HikariPool-23 - Shutdown initiated...
2026-06-09T10:50:54.276+08:00  INFO 186764 --- [           main] com.zaxxer.hikari.HikariDataSource       : HikariPool-23 - Shutdown completed.
]]></system-out>
  </testcase>
  <testcase name="pub012_queryLoyaltyPoints" classname="Basic Flow Tests" time="0.174">
    <system-out><![CDATA[
  .   ____          _            __ _ _
 /\\ / ___'_ __ _ _(_)_ __  __ _ \ \ \ \
( ( )\___ | '_ | '_| | '_ \/ _` | \ \ \ \
 \\/  ___)| |_)| | | | | || (_| |  ) ) ) )
  '  |____| .__|_| |_|_| |_\__, | / / / /
 =========|_|==============|___/=/_/_/_/
 :: Spring Boot ::                (v3.2.6)

2026-06-09T10:50:54.284+08:00  INFO 186764 --- [           main] c.e.blackbox.pub.PubBasicFlowTest        : Starting PubBasicFlowTest using Java 21.0.11 with PID 186764 (started by oyealex in /home/oyealex/project/match3/public/test-cases)
2026-06-09T10:50:54.284+08:00  INFO 186764 --- [           main] c.e.blackbox.pub.PubBasicFlowTest        : The following 1 profile is active: "test"
2026-06-09T10:50:54.328+08:00  INFO 186764 --- [           main] .s.d.r.c.RepositoryConfigurationDelegate : Bootstrapping Spring Data JPA repositories in DEFAULT mode.
2026-06-09T10:50:54.336+08:00  INFO 186764 --- [           main] .s.d.r.c.RepositoryConfigurationDelegate : Finished Spring Data repository scanning in 8 ms. Found 43 JPA repository interfaces.
2026-06-09T10:50:54.374+08:00  INFO 186764 --- [           main] o.s.b.w.embedded.tomcat.TomcatWebServer  : Tomcat initialized with port 0 (http)
2026-06-09T10:50:54.374+08:00  INFO 186764 --- [           main] o.apache.catalina.core.StandardService   : Starting service [Tomcat]
2026-06-09T10:50:54.374+08:00  INFO 186764 --- [           main] o.apache.catalina.core.StandardEngine    : Starting Servlet engine: [Apache Tomcat/10.1.24]
2026-06-09T10:50:54.377+08:00  INFO 186764 --- [           main] o.a.c.c.C.[Tomcat].[localhost].[/]       : Initializing Spring embedded WebApplicationContext
2026-06-09T10:50:54.377+08:00  INFO 186764 --- [           main] w.s.c.ServletWebServerApplicationContext : Root WebApplicationContext: initialization completed in 92 ms
2026-06-09T10:50:54.391+08:00  INFO 186764 --- [           main] o.hibernate.jpa.internal.util.LogHelper  : HHH000204: Processing PersistenceUnitInfo [name: default]
2026-06-09T10:50:54.391+08:00  INFO 186764 --- [           main] o.h.c.internal.RegionFactoryInitiator    : HHH000026: Second-level cache disabled
2026-06-09T10:50:54.393+08:00  INFO 186764 --- [           main] o.s.o.j.p.SpringPersistenceUnitInfo      : No LoadTimeWeaver setup: ignoring JPA class transformer
2026-06-09T10:50:54.393+08:00  INFO 186764 --- [           main] com.zaxxer.hikari.HikariDataSource       : HikariPool-24 - Starting...
2026-06-09T10:50:54.394+08:00  INFO 186764 --- [           main] com.zaxxer.hikari.pool.HikariPool        : HikariPool-24 - Added connection conn230: url=jdbc:h2:mem:shophub-febdf814-f88d-4e53-bf87-f8a4e717a8ae user=SA
2026-06-09T10:50:54.394+08:00  INFO 186764 --- [           main] com.zaxxer.hikari.HikariDataSource       : HikariPool-24 - Start completed.
2026-06-09T10:50:54.465+08:00  INFO 186764 --- [           main] o.h.e.t.j.p.i.JtaPlatformInitiator       : HHH000489: No JTA platform available (set 'hibernate.transaction.jta.platform' to enable JTA platform integration)
2026-06-09T10:50:54.469+08:00  INFO 186764 --- [           main] j.LocalContainerEntityManagerFactoryBean : Initialized JPA EntityManagerFactory for persistence unit 'default'
2026-06-09T10:50:54.520+08:00  INFO 186764 --- [           main] c.ecommerce.cart.config.CartCacheConfig  : Initializing cart cache with TTL=PT168H, maxSize=10000
2026-06-09T10:50:54.549+08:00  INFO 186764 --- [           main] c.e.order.service.OrderNumberGenerator   : OrderNumberGenerator initialized with date=20260609
2026-06-09T10:50:54.590+08:00  WARN 186764 --- [           main] .s.s.UserDetailsServiceAutoConfiguration : 

Using generated security password: f974378a-5a39-436b-a22b-8f2cff7f9d23

This generated password is for development use only. Your security configuration must be updated before running your application in production.

2026-06-09T10:50:54.607+08:00  INFO 186764 --- [           main] o.s.s.web.DefaultSecurityFilterChain     : Will secure any request with [org.springframework.security.web.session.DisableEncodeUrlFilter@7bc4d3bf, org.springframework.security.web.context.request.async.WebAsyncManagerIntegrationFilter@78cb88a7, org.springframework.security.web.context.SecurityContextHolderFilter@4d7dcb08, org.springframework.security.web.header.HeaderWriterFilter@4b37430d, org.springframework.web.filter.CorsFilter@2de0a88c, org.springframework.security.web.authentication.logout.LogoutFilter@6fcd9838, com.ecommerce.user.security.JwtAuthFilter@5d68e6ed, org.springframework.security.web.savedrequest.RequestCacheAwareFilter@50480416, org.springframework.security.web.servletapi.SecurityContextHolderAwareRequestFilter@21961a39, org.springframework.security.web.authentication.AnonymousAuthenticationFilter@6c9fd4, org.springframework.security.web.session.SessionManagementFilter@23b9d138, org.springframework.security.web.access.ExceptionTranslationFilter@491a864f, org.springframework.security.web.access.intercept.AuthorizationFilter@6ee3c36e]
2026-06-09T10:50:54.608+08:00  INFO 186764 --- [           main] o.s.s.web.DefaultSecurityFilterChain     : Will secure any request with [org.springframework.security.web.session.DisableEncodeUrlFilter@48de1c56, org.springframework.security.web.context.request.async.WebAsyncManagerIntegrationFilter@40c6658a, org.springframework.security.web.context.SecurityContextHolderFilter@e6c8b1a, org.springframework.security.web.header.HeaderWriterFilter@57d6e8b3, org.springframework.web.filter.CorsFilter@35779853, org.springframework.security.web.authentication.logout.LogoutFilter@2655c8b7, com.ecommerce.user.security.JwtAuthFilter@576e941d, org.springframework.security.web.savedrequest.RequestCacheAwareFilter@705f4974, org.springframework.security.web.servletapi.SecurityContextHolderAwareRequestFilter@102ca4bc, org.springframework.security.web.authentication.AnonymousAuthenticationFilter@6f6a1e0a, org.springframework.security.web.session.SessionManagementFilter@68268bbd, org.springframework.security.web.access.ExceptionTranslationFilter@3978f6bd, org.springframework.security.web.access.intercept.AuthorizationFilter@59376981]
2026-06-09T10:50:54.634+08:00  INFO 186764 --- [           main] o.s.b.w.embedded.tomcat.TomcatWebServer  : Tomcat started on port 38479 (http) with context path ''
2026-06-09T10:50:54.636+08:00  INFO 186764 --- [           main] c.e.blackbox.pub.PubBasicFlowTest        : Started PubBasicFlowTest in 0.357 seconds (process running for 21.466)
2026-06-09T10:50:54.691+08:00  INFO 186764 --- [-auto-24-exec-1] o.a.c.c.C.[Tomcat].[localhost].[/]       : Initializing Spring DispatcherServlet 'dispatcherServlet'
2026-06-09T10:50:54.691+08:00  INFO 186764 --- [-auto-24-exec-1] o.s.web.servlet.DispatcherServlet        : Initializing Servlet 'dispatcherServlet'
2026-06-09T10:50:54.691+08:00  INFO 186764 --- [-auto-24-exec-1] o.s.web.servlet.DispatcherServlet        : Completed initialization in 0 ms
2026-06-09T10:50:54.741+08:00  INFO 186764 --- [-auto-24-exec-1] c.e.user.service.UserAuthService         : User logged in: id=1, email=admin@shophub.test
2026-06-09T10:50:54.794+08:00  INFO 186764 --- [-auto-24-exec-2] c.e.user.service.UserRegisterService     : User registered: id=2, email=user-894d5fe9@example.com, status=ACTIVE
2026-06-09T10:50:54.794+08:00  INFO 186764 --- [-auto-24-exec-2] c.e.c.n.LocalNotificationServiceImpl     : Sending notification: bizType=USER_REGISTER, bizId=2, channel=EMAIL, template=WELCOME
2026-06-09T10:50:54.794+08:00  INFO 186764 --- [-auto-24-exec-2] c.e.common.notification.MockMailSender   : MOCK EMAIL: to=user-894d5fe9@example.com, subject=[USER_REGISTER] Notification, body=[WELCOME] {nickname=Tester}
2026-06-09T10:50:54.794+08:00  INFO 186764 --- [-auto-24-exec-2] c.e.c.n.LocalNotificationServiceImpl     : Notification sent successfully: bizType=USER_REGISTER, bizId=2, channel=EMAIL
2026-06-09T10:50:54.844+08:00  INFO 186764 --- [-auto-24-exec-3] c.e.user.service.UserAuthService         : User logged in: id=2, email=user-894d5fe9@example.com
2026-06-09T10:50:54.857+08:00  INFO 186764 --- [           main] j.LocalContainerEntityManagerFactoryBean : Closing JPA EntityManagerFactory for persistence unit 'default'
2026-06-09T10:50:54.858+08:00  INFO 186764 --- [           main] com.zaxxer.hikari.HikariDataSource       : HikariPool-24 - Shutdown initiated...
2026-06-09T10:50:54.859+08:00  INFO 186764 --- [           main] com.zaxxer.hikari.HikariDataSource       : HikariPool-24 - Shutdown completed.
]]></system-out>
  </testcase>
  <testcase name="pub004_searchProductByKeyword" classname="Basic Flow Tests" time="0.104">
    <system-out><![CDATA[
  .   ____          _            __ _ _
 /\\ / ___'_ __ _ _(_)_ __  __ _ \ \ \ \
( ( )\___ | '_ | '_| | '_ \/ _` | \ \ \ \
 \\/  ___)| |_)| | | | | || (_| |  ) ) ) )
  '  |____| .__|_| |_|_| |_\__, | / / / /
 =========|_|==============|___/=/_/_/_/
 :: Spring Boot ::                (v3.2.6)

2026-06-09T10:50:54.865+08:00  INFO 186764 --- [           main] c.e.blackbox.pub.PubBasicFlowTest        : Starting PubBasicFlowTest using Java 21.0.11 with PID 186764 (started by oyealex in /home/oyealex/project/match3/public/test-cases)
2026-06-09T10:50:54.865+08:00  INFO 186764 --- [           main] c.e.blackbox.pub.PubBasicFlowTest        : The following 1 profile is active: "test"
2026-06-09T10:50:54.905+08:00  INFO 186764 --- [           main] .s.d.r.c.RepositoryConfigurationDelegate : Bootstrapping Spring Data JPA repositories in DEFAULT mode.
2026-06-09T10:50:54.914+08:00  INFO 186764 --- [           main] .s.d.r.c.RepositoryConfigurationDelegate : Finished Spring Data repository scanning in 8 ms. Found 43 JPA repository interfaces.
2026-06-09T10:50:54.951+08:00  INFO 186764 --- [           main] o.s.b.w.embedded.tomcat.TomcatWebServer  : Tomcat initialized with port 0 (http)
2026-06-09T10:50:54.951+08:00  INFO 186764 --- [           main] o.apache.catalina.core.StandardService   : Starting service [Tomcat]
2026-06-09T10:50:54.951+08:00  INFO 186764 --- [           main] o.apache.catalina.core.StandardEngine    : Starting Servlet engine: [Apache Tomcat/10.1.24]
2026-06-09T10:50:54.955+08:00  INFO 186764 --- [           main] o.a.c.c.C.[Tomcat].[localhost].[/]       : Initializing Spring embedded WebApplicationContext
2026-06-09T10:50:54.955+08:00  INFO 186764 --- [           main] w.s.c.ServletWebServerApplicationContext : Root WebApplicationContext: initialization completed in 89 ms
2026-06-09T10:50:54.970+08:00  INFO 186764 --- [           main] o.hibernate.jpa.internal.util.LogHelper  : HHH000204: Processing PersistenceUnitInfo [name: default]
2026-06-09T10:50:54.970+08:00  INFO 186764 --- [           main] o.h.c.internal.RegionFactoryInitiator    : HHH000026: Second-level cache disabled
2026-06-09T10:50:54.972+08:00  INFO 186764 --- [           main] o.s.o.j.p.SpringPersistenceUnitInfo      : No LoadTimeWeaver setup: ignoring JPA class transformer
2026-06-09T10:50:54.972+08:00  INFO 186764 --- [           main] com.zaxxer.hikari.HikariDataSource       : HikariPool-25 - Starting...
2026-06-09T10:50:54.973+08:00  INFO 186764 --- [           main] com.zaxxer.hikari.pool.HikariPool        : HikariPool-25 - Added connection conn240: url=jdbc:h2:mem:shophub-0ed7d315-84fa-456e-ab63-216a0bf561c6 user=SA
2026-06-09T10:50:54.973+08:00  INFO 186764 --- [           main] com.zaxxer.hikari.HikariDataSource       : HikariPool-25 - Start completed.
2026-06-09T10:50:55.047+08:00  INFO 186764 --- [           main] o.h.e.t.j.p.i.JtaPlatformInitiator       : HHH000489: No JTA platform available (set 'hibernate.transaction.jta.platform' to enable JTA platform integration)
2026-06-09T10:50:55.050+08:00  INFO 186764 --- [           main] j.LocalContainerEntityManagerFactoryBean : Initialized JPA EntityManagerFactory for persistence unit 'default'
2026-06-09T10:50:55.112+08:00  INFO 186764 --- [           main] c.ecommerce.cart.config.CartCacheConfig  : Initializing cart cache with TTL=PT168H, maxSize=10000
2026-06-09T10:50:55.140+08:00  INFO 186764 --- [           main] c.e.order.service.OrderNumberGenerator   : OrderNumberGenerator initialized with date=20260609
2026-06-09T10:50:55.195+08:00  WARN 186764 --- [           main] .s.s.UserDetailsServiceAutoConfiguration : 

Using generated security password: 914c800e-0fef-44f1-9075-4f727ae7b071

This generated password is for development use only. Your security configuration must be updated before running your application in production.

2026-06-09T10:50:55.211+08:00  INFO 186764 --- [           main] o.s.s.web.DefaultSecurityFilterChain     : Will secure any request with [org.springframework.security.web.session.DisableEncodeUrlFilter@6dfe0d51, org.springframework.security.web.context.request.async.WebAsyncManagerIntegrationFilter@12131fa3, org.springframework.security.web.context.SecurityContextHolderFilter@3994f64d, org.springframework.security.web.header.HeaderWriterFilter@1ff87a32, org.springframework.web.filter.CorsFilter@17154104, org.springframework.security.web.authentication.logout.LogoutFilter@3bf89d50, com.ecommerce.user.security.JwtAuthFilter@4773c9fb, org.springframework.security.web.savedrequest.RequestCacheAwareFilter@72a399ec, org.springframework.security.web.servletapi.SecurityContextHolderAwareRequestFilter@2ed65460, org.springframework.security.web.authentication.AnonymousAuthenticationFilter@5afac0c1, org.springframework.security.web.session.SessionManagementFilter@1b720dec, org.springframework.security.web.access.ExceptionTranslationFilter@2a1c3c17, org.springframework.security.web.access.intercept.AuthorizationFilter@491324b1]
2026-06-09T10:50:55.212+08:00  INFO 186764 --- [           main] o.s.s.web.DefaultSecurityFilterChain     : Will secure any request with [org.springframework.security.web.session.DisableEncodeUrlFilter@659d4090, org.springframework.security.web.context.request.async.WebAsyncManagerIntegrationFilter@27ddf037, org.springframework.security.web.context.SecurityContextHolderFilter@3fbcf6ab, org.springframework.security.web.header.HeaderWriterFilter@6992002b, org.springframework.web.filter.CorsFilter@443836f, org.springframework.security.web.authentication.logout.LogoutFilter@5d73fe3a, com.ecommerce.user.security.JwtAuthFilter@537afcb0, org.springframework.security.web.savedrequest.RequestCacheAwareFilter@9b4e87d, org.springframework.security.web.servletapi.SecurityContextHolderAwareRequestFilter@705e2238, org.springframework.security.web.authentication.AnonymousAuthenticationFilter@5cecbf8f, org.springframework.security.web.session.SessionManagementFilter@b6fccd4, org.springframework.security.web.access.ExceptionTranslationFilter@6861706, org.springframework.security.web.access.intercept.AuthorizationFilter@72e4b156]
2026-06-09T10:50:55.238+08:00  INFO 186764 --- [           main] o.s.b.w.embedded.tomcat.TomcatWebServer  : Tomcat started on port 39467 (http) with context path ''
2026-06-09T10:50:55.240+08:00  INFO 186764 --- [           main] c.e.blackbox.pub.PubBasicFlowTest        : Started PubBasicFlowTest in 0.378 seconds (process running for 22.07)
2026-06-09T10:50:55.297+08:00  INFO 186764 --- [-auto-25-exec-1] o.a.c.c.C.[Tomcat].[localhost].[/]       : Initializing Spring DispatcherServlet 'dispatcherServlet'
2026-06-09T10:50:55.297+08:00  INFO 186764 --- [-auto-25-exec-1] o.s.web.servlet.DispatcherServlet        : Initializing Servlet 'dispatcherServlet'
2026-06-09T10:50:55.297+08:00  INFO 186764 --- [-auto-25-exec-1] o.s.web.servlet.DispatcherServlet        : Completed initialization in 0 ms
2026-06-09T10:50:55.351+08:00  INFO 186764 --- [-auto-25-exec-1] c.e.user.service.UserAuthService         : User logged in: id=1, email=admin@shophub.test
2026-06-09T10:50:55.356+08:00  INFO 186764 --- [-auto-25-exec-2] c.e.p.controller.AdminProductController  : Admin creating SPU: spuCode=SPU-810f4b65-21
2026-06-09T10:50:55.359+08:00  INFO 186764 --- [-auto-25-exec-2] c.ecommerce.product.service.SpuService   : Created SPU: id=1, spuCode=SPU-810f4b65-21
2026-06-09T10:50:55.363+08:00  INFO 186764 --- [-auto-25-exec-3] c.e.p.controller.AdminProductController  : Admin creating SKU: skuCode=SKU-810f4b65, spuId=1
2026-06-09T10:50:55.367+08:00  INFO 186764 --- [-auto-25-exec-3] c.ecommerce.product.service.SkuService   : Created SKU: id=1, skuCode=SKU-810f4b65, spuId=1
2026-06-09T10:50:55.371+08:00  INFO 186764 --- [-auto-25-exec-4] c.e.p.controller.AdminProductController  : Admin putting SKU on shelf: skuId=1
2026-06-09T10:50:55.371+08:00  INFO 186764 --- [-auto-25-exec-4] c.ecommerce.product.service.SkuService   : SKU on shelf: skuId=1, skuCode=SKU-810f4b65
2026-06-09T10:50:55.393+08:00  INFO 186764 --- [           main] j.LocalContainerEntityManagerFactoryBean : Closing JPA EntityManagerFactory for persistence unit 'default'
2026-06-09T10:50:55.394+08:00  INFO 186764 --- [           main] com.zaxxer.hikari.HikariDataSource       : HikariPool-25 - Shutdown initiated...
2026-06-09T10:50:55.394+08:00  INFO 186764 --- [           main] com.zaxxer.hikari.HikariDataSource       : HikariPool-25 - Shutdown completed.
]]></system-out>
  </testcase>
</testsuite>